                                 Started job on |	Jun 25 08:11:25
                             Started mapping on |	Jun 25 08:19:17
                                    Finished on |	Jun 25 08:23:36
       Mapping speed, Million of reads per hour |	69.72

                          Number of input reads |	5015953
                      Average input read length |	242
                                    UNIQUE READS:
                   Uniquely mapped reads number |	108456
                        Uniquely mapped reads % |	2.16%
                          Average mapped length |	75.75
                       Number of splices: Total |	67163
            Number of splices: Annotated (sjdb) |	65082
                       Number of splices: GT/AG |	14575
                       Number of splices: GC/AG |	52206
                       Number of splices: AT/AC |	112
               Number of splices: Non-canonical |	270
                      Mismatch rate per base, % |	3.33%
                         Deletion rate per base |	0.05%
                        Deletion average length |	2.07
                        Insertion rate per base |	0.02%
                       Insertion average length |	1.30
                             MULTI-MAPPING READS:
        Number of reads mapped to multiple loci |	64541
             % of reads mapped to multiple loci |	1.29%
        Number of reads mapped to too many loci |	4231
             % of reads mapped to too many loci |	0.08%
                                  UNMAPPED READS:
  Number of reads unmapped: too many mismatches |	0
       % of reads unmapped: too many mismatches |	0.00%
            Number of reads unmapped: too short |	4827335
                 % of reads unmapped: too short |	96.24%
                Number of reads unmapped: other |	11390
                     % of reads unmapped: other |	0.23%
                                  CHIMERIC READS:
                       Number of chimeric reads |	0
                            % of chimeric reads |	0.00%
