                                 Started job on |	Jun 25 00:46:51
                             Started mapping on |	Jun 25 00:51:35
                                    Finished on |	Jun 25 00:53:29
       Mapping speed, Million of reads per hour |	119.67

                          Number of input reads |	3789502
                      Average input read length |	125
                                    UNIQUE READS:
                   Uniquely mapped reads number |	856848
                        Uniquely mapped reads % |	22.61%
                          Average mapped length |	59.04
                       Number of splices: Total |	229882
            Number of splices: Annotated (sjdb) |	211407
                       Number of splices: GT/AG |	147364
                       Number of splices: GC/AG |	81102
                       Number of splices: AT/AC |	748
               Number of splices: Non-canonical |	668
                      Mismatch rate per base, % |	2.57%
                         Deletion rate per base |	0.01%
                        Deletion average length |	1.63
                        Insertion rate per base |	0.01%
                       Insertion average length |	1.45
                             MULTI-MAPPING READS:
        Number of reads mapped to multiple loci |	632564
             % of reads mapped to multiple loci |	16.69%
        Number of reads mapped to too many loci |	15514
             % of reads mapped to too many loci |	0.41%
                                  UNMAPPED READS:
  Number of reads unmapped: too many mismatches |	0
       % of reads unmapped: too many mismatches |	0.00%
            Number of reads unmapped: too short |	2252759
                 % of reads unmapped: too short |	59.45%
                Number of reads unmapped: other |	31817
                     % of reads unmapped: other |	0.84%
                                  CHIMERIC READS:
                       Number of chimeric reads |	0
                            % of chimeric reads |	0.00%
