                                 Started job on |	Jun 25 00:53:30
                             Started mapping on |	Jun 25 00:57:49
                                    Finished on |	Jun 25 00:59:11
       Mapping speed, Million of reads per hour |	191.17

                          Number of input reads |	4354512
                      Average input read length |	83
                                    UNIQUE READS:
                   Uniquely mapped reads number |	1159405
                        Uniquely mapped reads % |	26.63%
                          Average mapped length |	52.98
                       Number of splices: Total |	341970
            Number of splices: Annotated (sjdb) |	313131
                       Number of splices: GT/AG |	231931
                       Number of splices: GC/AG |	104684
                       Number of splices: AT/AC |	3372
               Number of splices: Non-canonical |	1983
                      Mismatch rate per base, % |	2.75%
                         Deletion rate per base |	0.00%
                        Deletion average length |	1.72
                        Insertion rate per base |	0.00%
                       Insertion average length |	1.48
                             MULTI-MAPPING READS:
        Number of reads mapped to multiple loci |	796822
             % of reads mapped to multiple loci |	18.30%
        Number of reads mapped to too many loci |	10522
             % of reads mapped to too many loci |	0.24%
                                  UNMAPPED READS:
  Number of reads unmapped: too many mismatches |	0
       % of reads unmapped: too many mismatches |	0.00%
            Number of reads unmapped: too short |	2376181
                 % of reads unmapped: too short |	54.57%
                Number of reads unmapped: other |	11582
                     % of reads unmapped: other |	0.27%
                                  CHIMERIC READS:
                       Number of chimeric reads |	0
                            % of chimeric reads |	0.00%
