                                 Started job on |	Jun 25 00:41:05
                             Started mapping on |	Jun 25 00:45:32
                                    Finished on |	Jun 25 00:46:35
       Mapping speed, Million of reads per hour |	93.07

                          Number of input reads |	1628806
                      Average input read length |	138
                                    UNIQUE READS:
                   Uniquely mapped reads number |	318731
                        Uniquely mapped reads % |	19.57%
                          Average mapped length |	54.79
                       Number of splices: Total |	129056
            Number of splices: Annotated (sjdb) |	122076
                       Number of splices: GT/AG |	39008
                       Number of splices: GC/AG |	89743
                       Number of splices: AT/AC |	88
               Number of splices: Non-canonical |	217
                      Mismatch rate per base, % |	2.47%
                         Deletion rate per base |	0.01%
                        Deletion average length |	1.57
                        Insertion rate per base |	0.01%
                       Insertion average length |	1.66
                             MULTI-MAPPING READS:
        Number of reads mapped to multiple loci |	218014
             % of reads mapped to multiple loci |	13.38%
        Number of reads mapped to too many loci |	6598
             % of reads mapped to too many loci |	0.41%
                                  UNMAPPED READS:
  Number of reads unmapped: too many mismatches |	0
       % of reads unmapped: too many mismatches |	0.00%
            Number of reads unmapped: too short |	1075311
                 % of reads unmapped: too short |	66.02%
                Number of reads unmapped: other |	10152
                     % of reads unmapped: other |	0.62%
                                  CHIMERIC READS:
                       Number of chimeric reads |	0
                            % of chimeric reads |	0.00%
