                                 Started job on |	Jun 25 00:41:05
                             Started mapping on |	Jun 25 00:45:38
                                    Finished on |	Jun 25 00:46:50
       Mapping speed, Million of reads per hour |	73.05

                          Number of input reads |	1460921
                      Average input read length |	188
                                    UNIQUE READS:
                   Uniquely mapped reads number |	178538
                        Uniquely mapped reads % |	12.22%
                          Average mapped length |	60.65
                       Number of splices: Total |	101458
            Number of splices: Annotated (sjdb) |	98083
                       Number of splices: GT/AG |	24302
                       Number of splices: GC/AG |	76998
                       Number of splices: AT/AC |	23
               Number of splices: Non-canonical |	135
                      Mismatch rate per base, % |	2.43%
                         Deletion rate per base |	0.02%
                        Deletion average length |	1.60
                        Insertion rate per base |	0.02%
                       Insertion average length |	1.56
                             MULTI-MAPPING READS:
        Number of reads mapped to multiple loci |	110178
             % of reads mapped to multiple loci |	7.54%
        Number of reads mapped to too many loci |	3639
             % of reads mapped to too many loci |	0.25%
                                  UNMAPPED READS:
  Number of reads unmapped: too many mismatches |	0
       % of reads unmapped: too many mismatches |	0.00%
            Number of reads unmapped: too short |	1163404
                 % of reads unmapped: too short |	79.63%
                Number of reads unmapped: other |	5162
                     % of reads unmapped: other |	0.35%
                                  CHIMERIC READS:
                       Number of chimeric reads |	0
                            % of chimeric reads |	0.00%
