                                 Started job on |	Jun 25 00:41:05
                             Started mapping on |	Jun 25 00:45:26
                                    Finished on |	Jun 25 00:46:31
       Mapping speed, Million of reads per hour |	174.34

                          Number of input reads |	3147877
                      Average input read length |	85
                                    UNIQUE READS:
                   Uniquely mapped reads number |	818895
                        Uniquely mapped reads % |	26.01%
                          Average mapped length |	51.60
                       Number of splices: Total |	211063
            Number of splices: Annotated (sjdb) |	189199
                       Number of splices: GT/AG |	109581
                       Number of splices: GC/AG |	99227
                       Number of splices: AT/AC |	1556
               Number of splices: Non-canonical |	699
                      Mismatch rate per base, % |	2.89%
                         Deletion rate per base |	0.01%
                        Deletion average length |	1.70
                        Insertion rate per base |	0.00%
                       Insertion average length |	1.56
                             MULTI-MAPPING READS:
        Number of reads mapped to multiple loci |	621556
             % of reads mapped to multiple loci |	19.75%
        Number of reads mapped to too many loci |	4864
             % of reads mapped to too many loci |	0.15%
                                  UNMAPPED READS:
  Number of reads unmapped: too many mismatches |	0
       % of reads unmapped: too many mismatches |	0.00%
            Number of reads unmapped: too short |	1695722
                 % of reads unmapped: too short |	53.87%
                Number of reads unmapped: other |	6840
                     % of reads unmapped: other |	0.22%
                                  CHIMERIC READS:
                       Number of chimeric reads |	0
                            % of chimeric reads |	0.00%
