                                 Started job on |	Jun 25 00:46:32
                             Started mapping on |	Jun 25 00:50:52
                                    Finished on |	Jun 25 00:52:11
       Mapping speed, Million of reads per hour |	190.28

                          Number of input reads |	4175527
                      Average input read length |	82
                                    UNIQUE READS:
                   Uniquely mapped reads number |	1155524
                        Uniquely mapped reads % |	27.67%
                          Average mapped length |	52.01
                       Number of splices: Total |	405610
            Number of splices: Annotated (sjdb) |	377053
                       Number of splices: GT/AG |	300040
                       Number of splices: GC/AG |	79214
                       Number of splices: AT/AC |	22891
               Number of splices: Non-canonical |	3465
                      Mismatch rate per base, % |	2.63%
                         Deletion rate per base |	0.01%
                        Deletion average length |	1.79
                        Insertion rate per base |	0.00%
                       Insertion average length |	1.46
                             MULTI-MAPPING READS:
        Number of reads mapped to multiple loci |	824166
             % of reads mapped to multiple loci |	19.74%
        Number of reads mapped to too many loci |	6241
             % of reads mapped to too many loci |	0.15%
                                  UNMAPPED READS:
  Number of reads unmapped: too many mismatches |	0
       % of reads unmapped: too many mismatches |	0.00%
            Number of reads unmapped: too short |	2184002
                 % of reads unmapped: too short |	52.30%
                Number of reads unmapped: other |	5594
                     % of reads unmapped: other |	0.13%
                                  CHIMERIC READS:
                       Number of chimeric reads |	0
                            % of chimeric reads |	0.00%
