           Time    Speed        Read     Read   Mapped   Mapped   Mapped   Mapped Unmapped Unmapped Unmapped Unmapped
                    M/hr      number   length   unique   length   MMrate    multi   multi+       MM    short    other
Jun 26 22:40:41	Started 1st pass mapping
Jun 26 22:42:16      1.6       43032      289    84.2%    289.4     0.2%    13.7%     0.0%     0.0%     2.0%     0.0%
Jun 26 22:44:02      6.9      387422      289    84.3%    289.3     0.2%    13.6%     0.0%     0.0%     2.0%     0.0%
Jun 26 22:45:10      9.2      688573      289    84.3%    289.4     0.2%    13.6%     0.0%     0.0%     2.0%     0.0%
Jun 26 22:46:10      9.4      860458      289    84.3%    289.4     0.2%    13.6%     0.0%     0.0%     2.0%     0.0%
Jun 26 22:47:44      8.8     1032161      289    84.3%    289.4     0.2%    13.6%     0.0%     0.0%     2.0%     0.0%
Jun 26 22:49:02      9.6     1331640      290    84.4%    289.5     0.2%    13.6%     0.0%     0.0%     2.0%     0.0%
Jun 26 22:50:24      9.3     1502855      290    84.4%    289.6     0.2%    13.6%     0.0%     0.0%     2.0%     0.0%
Jun 26 22:51:35      9.9     1802538      290    84.4%    289.7     0.2%    13.6%     0.0%     0.0%     2.0%     0.0%
Jun 26 22:52:49     10.0     2016373      290    84.4%    289.7     0.2%    13.6%     0.0%     0.0%     2.0%     0.0%
Jun 26 22:53:56      9.9     2187480      290    84.4%    289.8     0.2%    13.6%     0.0%     0.0%     2.0%     0.0%
Jun 26 22:55:10      9.8     2358646      290    84.4%    289.8     0.2%    13.6%     0.0%     0.0%     2.0%     0.0%
Jun 26 22:56:45      9.8     2615309      290    84.4%    289.8     0.2%    13.6%     0.0%     0.0%     2.0%     0.0%
Jun 26 22:57:58     10.0     2871842      290    84.4%    289.9     0.2%    13.5%     0.0%     0.0%     2.0%     0.0%
Jun 26 22:59:05      9.8     3000114      290    84.4%    289.9     0.2%    13.5%     0.0%     0.0%     2.0%     0.0%
Jun 26 23:00:09      9.9     3213863      290    84.4%    289.9     0.2%    13.5%     0.0%     0.0%     2.0%     0.0%
Jun 26 23:01:27      9.7     3342259      290    84.4%    289.9     0.2%    13.5%     0.0%     0.0%     2.0%     0.0%
Jun 26 23:02:46      9.9     3641663      290    84.4%    289.9     0.2%    13.5%     0.0%     0.0%     2.0%     0.0%
Jun 26 23:04:04     10.1     3941119      290    84.4%    290.0     0.2%    13.5%     0.0%     0.0%     2.0%     0.0%
Jun 26 23:05:12     10.4     4240499      290    84.4%    290.0     0.2%    13.5%     0.0%     0.0%     2.0%     0.0%
Jun 26 23:06:18     10.1     4326017      290    84.4%    290.0     0.2%    13.5%     0.0%     0.0%     2.0%     0.0%
Jun 26 23:07:24     10.2     4539779      290    84.4%    290.0     0.2%    13.5%     0.0%     0.0%     2.0%     0.0%
Jun 26 23:08:39     10.5     4881819      290    84.4%    290.0     0.2%    13.5%     0.0%     0.0%     2.0%     0.0%
Jun 26 23:09:46     10.4     5052821      290    84.4%    290.0     0.2%    13.5%     0.0%     0.0%     2.0%     0.0%
Jun 26 23:10:50     10.3     5181123      290    84.4%    290.0     0.2%    13.5%     0.0%     0.0%     2.0%     0.0%
Jun 26 23:11:55     10.6     5523017      290    84.4%    290.0     0.2%    13.5%     0.0%     0.0%     2.0%     0.0%
Jun 26 23:13:24     10.4     5694024      290    84.4%    290.0     0.2%    13.5%     0.0%     0.0%     2.0%     0.0%
Jun 26 23:14:34     10.5     5907624      290    84.4%    290.1     0.2%    13.5%     0.0%     0.0%     2.0%     0.0%
Jun 26 23:15:39     10.4     6078493      290    84.4%    290.1     0.2%    13.5%     0.0%     0.0%     2.0%     0.0%
Jun 26 23:16:49     10.5     6334885      290    84.4%    290.1     0.2%    13.5%     0.0%     0.0%     2.0%     0.0%
Jun 26 23:17:49     10.6     6548449      290    84.4%    290.1     0.2%    13.5%     0.0%     0.0%     2.0%     0.0%
Jun 26 23:18:52     10.7     6804871      290    84.4%    290.1     0.2%    13.5%     0.0%     0.0%     2.0%     0.0%
Jun 26 23:19:57     10.8     7061395      290    84.4%    290.1     0.2%    13.5%     0.0%     0.0%     2.0%     0.0%
Jun 26 23:21:41     10.7     7317799      290    84.4%    290.1     0.2%    13.5%     0.0%     0.0%     2.0%     0.0%
Jun 26 23:23:02     10.9     7702402      290    84.4%    290.2     0.2%    13.5%     0.0%     0.0%     2.0%     0.0%
Jun 26 23:24:11     10.9     7873442      290    84.4%    290.2     0.2%    13.5%     0.0%     0.0%     2.0%     0.0%
Jun 26 23:25:16     11.0     8172710      290    84.4%    290.2     0.2%    13.5%     0.0%     0.0%     2.0%     0.0%
Jun 26 23:26:20     10.9     8300982      290    84.5%    290.2     0.2%    13.5%     0.0%     0.0%     2.0%     0.0%
Jun 26 23:27:31     11.1     8643173      290    84.5%    290.2     0.2%    13.5%     0.0%     0.0%     2.0%     0.0%
Jun 26 23:28:34     11.0     8771761      290    84.5%    290.2     0.2%    13.5%     0.0%     0.0%     2.0%     0.0%
Jun 26 23:30:24     10.8     8942980      290    84.5%    290.2     0.2%    13.5%     0.0%     0.0%     2.0%     0.0%
Jun 26 23:31:30     11.0     9286116      290    84.4%    290.1     0.2%    13.5%     0.0%     0.0%     2.0%     0.0%
Jun 26 23:32:39     11.0     9543276      290    84.4%    290.1     0.2%    13.5%     0.0%     0.0%     2.0%     0.0%
Jun 26 23:33:44     10.9     9671673      290    84.4%    290.1     0.2%    13.5%     0.0%     0.0%     2.0%     0.0%
Jun 26 23:34:47     10.9     9800127      290    84.4%    290.1     0.2%    13.5%     0.0%     0.0%     2.0%     0.0%
Jun 26 23:35:53     10.9    10014238      290    84.4%    290.1     0.2%    13.5%     0.0%     0.0%     2.0%     0.0%
Jun 26 23:36:59     10.9    10270206      290    84.4%    290.1     0.2%    13.5%     0.0%     0.0%     2.0%     0.0%
Jun 26 23:38:05     11.1    10611491      290    84.4%    290.1     0.2%    13.5%     0.0%     0.0%     2.0%     0.0%
Jun 26 23:39:15     11.0    10739434      290    84.4%    290.1     0.2%    13.5%     0.0%     0.0%     2.0%     0.0%
Jun 26 23:40:15     11.0    10952690      290    84.4%    290.1     0.2%    13.5%     0.0%     0.0%     2.0%     0.0%
Jun 26 23:41:21     11.0    11123333      290    84.4%    290.1     0.2%    13.5%     0.0%     0.0%     2.0%     0.0%
Jun 26 23:42:28     11.0    11293927      290    84.4%    290.1     0.2%    13.5%     0.0%     0.0%     2.0%     0.0%
Jun 26 23:43:28     11.1    11635185      290    84.4%    290.1     0.2%    13.5%     0.0%     0.0%     2.0%     0.0%
Jun 26 23:45:09     11.0    11805686      290    84.4%    290.1     0.2%    13.5%     0.0%     0.0%     2.0%     0.0%
Jun 26 23:46:28     11.1    12146914      290    84.4%    290.1     0.2%    13.5%     0.0%     0.0%     2.0%     0.0%
Jun 26 23:47:59     11.1    12488004      290    84.4%    290.1     0.2%    13.5%     0.0%     0.0%     2.0%     0.0%
Jun 26 23:49:26     11.0    12573197      290    84.4%    290.1     0.2%    13.5%     0.0%     0.0%     2.0%     0.0%
Jun 26 23:50:35     10.9    12743823      290    84.4%    290.1     0.2%    13.5%     0.0%     0.0%     2.0%     0.0%
Jun 26 23:51:38     11.0    12999653      290    84.4%    290.1     0.2%    13.5%     0.0%     0.0%     2.0%     0.0%
Jun 26 23:52:38     11.0    13212933      290    84.4%    290.1     0.2%    13.5%     0.0%     0.0%     2.0%     0.0%
Jun 26 23:53:42     11.1    13511361      290    84.4%    290.1     0.2%    13.5%     0.0%     0.0%     2.0%     0.0%
Jun 26 23:54:59     11.0    13681856      290    84.4%    290.1     0.2%    13.5%     0.0%     0.0%     2.0%     0.0%
Jun 26 23:56:12     11.0    13895086      290    84.4%    290.1     0.2%    13.5%     0.0%     0.0%     2.0%     0.0%
Jun 26 23:57:20     11.1    14150988      290    84.4%    290.1     0.2%    13.5%     0.0%     0.0%     2.0%     0.0%
Jun 26 23:58:25     11.0    14236181      290    84.4%    290.1     0.2%    13.5%     0.0%     0.0%     2.0%     0.0%
Jun 26 23:59:52     10.9    14449298      290    84.4%    290.1     0.2%    13.5%     0.0%     0.0%     2.0%     0.0%
Jun 27 00:01:27     11.0    14789976      290    84.4%    290.1     0.2%    13.5%     0.0%     0.0%     2.0%     0.0%
Jun 27 00:03:01     11.0    15045530      290    84.4%    290.1     0.2%    13.5%     0.0%     0.0%     2.0%     0.0%
Jun 27 00:04:05     11.0    15258608      290    84.4%    290.2     0.2%    13.5%     0.0%     0.0%     2.0%     0.0%
Jun 27 00:05:05     11.0    15429043      290    84.4%    290.2     0.2%    13.5%     0.0%     0.0%     2.0%     0.0%
Jun 27 00:06:18     11.1    15812489      290    84.4%    290.2     0.2%    13.5%     0.0%     0.0%     2.0%     0.0%
Jun 27 00:07:30     11.1    16025571      290    84.4%    290.2     0.2%    13.5%     0.0%     0.0%     2.0%     0.0%
Jun 27 00:08:33     11.2    16366522      290    84.4%    290.2     0.2%    13.5%     0.0%     0.0%     2.0%     0.0%
Jun 27 00:09:55     11.1    16579659      290    84.4%    290.2     0.2%    13.5%     0.0%     0.0%     2.0%     0.0%
Jun 27 00:11:22     11.2    16963201      290    84.5%    290.2     0.2%    13.5%     0.0%     0.0%     2.0%     0.0%
Jun 27 00:12:58     11.2    17176398      290    84.5%    290.2     0.2%    13.5%     0.0%     0.0%     2.0%     0.0%
Jun 27 00:14:37     11.1    17389483      290    84.5%    290.2     0.2%    13.5%     0.0%     0.0%     2.0%     0.0%
Jun 27 00:15:41     11.1    17603148      290    84.5%    290.2     0.2%    13.5%     0.0%     0.0%     2.0%     0.0%
Jun 27 00:17:05     11.1    17816605      290    84.5%    290.2     0.2%    13.5%     0.0%     0.0%     2.0%     0.0%
Jun 27 00:18:15     11.1    18073116      290    84.5%    290.2     0.2%    13.5%     0.0%     0.0%     2.0%     0.0%
Jun 27 00:19:37     11.1    18286767      290    84.5%    290.1     0.2%    13.5%     0.0%     0.0%     2.0%     0.0%
Jun 27 00:20:44     11.1    18500162      290    84.5%    290.1     0.2%    13.5%     0.0%     0.0%     2.0%     0.0%
Jun 27 00:21:47     11.1    18713726      290    84.4%    290.1     0.2%    13.5%     0.0%     0.0%     2.0%     0.0%
Jun 27 00:23:02     11.1    18927020      290    84.4%    290.1     0.2%    13.5%     0.0%     0.0%     2.0%     0.0%
Jun 27 00:24:07     11.1    19097610      290    84.4%    290.1     0.2%    13.5%     0.0%     0.0%     2.0%     0.0%
Jun 27 00:25:16     11.1    19310935      290    84.4%    290.1     0.2%    13.5%     0.0%     0.0%     2.0%     0.0%
Jun 27 00:26:28     11.1    19566920      290    84.4%    290.1     0.2%    13.5%     0.0%     0.0%     2.0%     0.0%
Jun 27 00:27:44     11.1    19780198      290    84.4%    290.1     0.2%    13.5%     0.0%     0.0%     2.0%     0.0%
Jun 27 00:28:47     11.1    20036182      290    84.4%    290.1     0.2%    13.5%     0.0%     0.0%     2.0%     0.0%
Jun 27 00:29:49     11.1    20164160      290    84.4%    290.1     0.2%    13.5%     0.0%     0.0%     2.0%     0.0%
Jun 27 00:31:14     11.1    20377311      290    84.4%    290.1     0.2%    13.5%     0.0%     0.0%     2.0%     0.0%
Jun 27 00:32:57     11.0    20590462      290    84.4%    290.1     0.2%    13.5%     0.0%     0.0%     2.0%     0.0%
Jun 27 00:33:57     11.1    20931564      290    84.4%    290.1     0.2%    13.5%     0.0%     0.0%     2.0%     0.0%
Jun 27 00:35:09     11.1    21102107      290    84.5%    290.1     0.2%    13.5%     0.0%     0.0%     2.0%     0.0%
Jun 27 00:36:14     11.1    21315213      290    84.5%    290.1     0.2%    13.5%     0.0%     0.0%     2.0%     0.0%
Jun 27 00:37:14     11.1    21656054      290    84.5%    290.2     0.2%    13.5%     0.0%     0.0%     2.0%     0.0%
Jun 27 00:39:12     11.0    21826470      290    84.5%    290.2     0.2%    13.5%     0.0%     0.0%     2.0%     0.0%
Jun 27 00:40:22     11.1    22167355      290    84.5%    290.2     0.2%    13.5%     0.0%     0.0%     2.0%     0.0%
Jun 27 00:41:46     11.1    22337832      290    84.5%    290.2     0.2%    13.5%     0.0%     0.0%     2.0%     0.0%
Jun 27 00:42:53     11.1    22593475      290    84.5%    290.2     0.2%    13.5%     0.0%     0.0%     2.0%     0.0%
Jun 27 00:44:18     11.1    22849087      290    84.5%    290.2     0.2%    13.5%     0.0%     0.0%     2.0%     0.0%
Jun 27 00:45:47     11.0    23019492      290    84.5%    290.2     0.2%    13.5%     0.0%     0.0%     2.0%     0.0%
Jun 27 00:46:58     11.1    23275020      290    84.5%    290.2     0.2%    13.5%     0.0%     0.0%     2.0%     0.0%
Jun 27 00:48:23     11.0    23487976      290    84.5%    290.2     0.2%    13.5%     0.0%     0.0%     2.0%     0.0%
Jun 27 00:49:25     11.0    23658380      290    84.5%    290.2     0.2%    13.5%     0.0%     0.0%     2.0%     0.0%
Jun 27 00:50:37     11.0    23871361      290    84.5%    290.2     0.2%    13.5%     0.0%     0.0%     2.0%     0.0%
Jun 27 00:52:05     11.0    24126948      290    84.5%    290.2     0.2%    13.5%     0.0%     0.0%     2.0%     0.0%
Jun 27 00:53:16     11.0    24297273      290    84.5%    290.2     0.2%    13.5%     0.0%     0.0%     2.0%     0.0%
Jun 27 00:54:41     11.0    24595414      290    84.5%    290.2     0.2%    13.5%     0.0%     0.0%     2.0%     0.0%
Jun 27 00:56:08     11.0    24936115      290    84.5%    290.2     0.2%    13.5%     0.0%     0.0%     2.0%     0.0%
Jun 27 00:57:18     11.0    25106563      290    84.5%    290.2     0.2%    13.5%     0.0%     0.0%     2.0%     0.0%
Jun 27 00:58:24     11.1    25404629      290    84.5%    290.2     0.2%    13.5%     0.0%     0.0%     2.0%     0.0%
Jun 27 01:00:17     11.0    25617525      290    84.5%    290.2     0.2%    13.5%     0.0%     0.0%     2.0%     0.0%
Jun 27 01:01:20     11.0    25830689      290    84.5%    290.2     0.2%    13.5%     0.0%     0.0%     2.0%     0.0%
Jun 27 01:02:27     11.0    26044319      290    84.5%    290.2     0.2%    13.5%     0.0%     0.0%     2.0%     0.0%
Jun 27 01:03:27     11.1    26300348      290    84.5%    290.2     0.2%    13.5%     0.0%     0.0%     2.0%     0.0%
Jun 27 01:04:44     11.0    26513897      290    84.5%    290.2     0.2%    13.5%     0.0%     0.0%     2.0%     0.0%
Jun 27 01:06:21     11.0    26770012      290    84.5%    290.2     0.2%    13.5%     0.0%     0.0%     2.0%     0.0%
Jun 27 01:07:31     11.1    27068663      290    84.5%    290.2     0.2%    13.5%     0.0%     0.0%     2.0%     0.0%
Jun 27 01:08:46     11.0    27196712      290    84.5%    290.2     0.2%    13.5%     0.0%     0.0%     2.0%     0.0%
Jun 27 01:09:50     11.1    27537878      290    84.5%    290.2     0.2%    13.5%     0.0%     0.0%     2.0%     0.0%
Jun 27 01:10:56     11.1    27708335      290    84.5%    290.2     0.2%    13.5%     0.0%     0.0%     2.0%     0.0%
Jun 27 01:12:15     11.1    27964101      290    84.5%    290.2     0.2%    13.5%     0.0%     0.0%     2.0%     0.0%
Jun 27 01:13:29     11.1    28262653      290    84.5%    290.2     0.2%    13.5%     0.0%     0.0%     2.0%     0.0%
Jun 27 01:14:34     11.1    28561008      290    84.5%    290.2     0.2%    13.5%     0.0%     0.0%     2.0%     0.0%
Jun 27 01:15:34     11.2    28859229      290    84.5%    290.2     0.2%    13.5%     0.0%     0.0%     2.0%     0.0%
Jun 27 01:16:35     11.2    29029770      290    84.5%    290.2     0.2%    13.5%     0.0%     0.0%     2.0%     0.0%
Jun 27 01:17:44     11.2    29242742      290    84.5%    290.2     0.2%    13.5%     0.0%     0.0%     2.0%     0.0%
Jun 27 01:18:55     11.2    29413051      290    84.4%    290.2     0.2%    13.5%     0.0%     0.0%     2.0%     0.0%
Jun 27 01:20:10     11.2    29711120      290    84.4%    290.2     0.2%    13.5%     0.0%     0.0%     2.0%     0.0%
Jun 27 01:21:18     11.2    29924172      290    84.4%    290.2     0.2%    13.5%     0.0%     0.0%     2.0%     0.0%
Jun 27 01:22:35     11.2    30137219      290    84.4%    290.2     0.2%    13.5%     0.0%     0.0%     2.0%     0.0%
Jun 27 01:24:05     11.1    30222405      290    84.4%    290.2     0.2%    13.5%     0.0%     0.0%     2.0%     0.0%
Jun 27 01:25:30     11.1    30605812      290    84.4%    290.2     0.2%    13.5%     0.0%     0.0%     2.0%     0.0%
Jun 27 01:26:38     11.1    30776285      290    84.4%    290.2     0.2%    13.5%     0.0%     0.0%     2.0%     0.0%
Jun 27 01:27:42     11.1    30946801      290    84.4%    290.2     0.2%    13.5%     0.0%     0.0%     2.0%     0.0%
Jun 27 01:28:52     11.1    31202375      290    84.4%    290.2     0.2%    13.5%     0.0%     0.0%     2.0%     0.0%
Jun 27 01:29:52     11.1    31372720      290    84.4%    290.2     0.2%    13.5%     0.0%     0.0%     2.0%     0.0%
Jun 27 01:30:56     11.1    31585588      290    84.4%    290.2     0.2%    13.5%     0.0%     0.0%     2.0%     0.0%
Jun 27 01:31:57     11.1    31798520      290    84.5%    290.2     0.2%    13.5%     0.0%     0.0%     2.0%     0.0%
Jun 27 01:33:08     11.2    32054010      290    84.5%    290.2     0.2%    13.5%     0.0%     0.0%     2.0%     0.0%
Jun 27 01:34:13     11.2    32266903      290    84.5%    290.2     0.2%    13.5%     0.0%     0.0%     2.0%     0.0%
Jun 27 01:35:16     11.2    32479773      290    84.5%    290.2     0.2%    13.5%     0.0%     0.0%     2.0%     0.0%
Jun 27 01:36:19     11.2    32692774      290    84.5%    290.3     0.2%    13.5%     0.0%     0.0%     2.0%     0.0%
Jun 27 01:37:20     11.2    32948287      290    84.5%    290.3     0.2%    13.5%     0.0%     0.0%     2.0%     0.0%
Jun 27 01:39:00     11.2    33289070      290    84.5%    290.3     0.2%    13.5%     0.0%     0.0%     2.0%     0.0%
Jun 27 01:40:04     11.2    33501921      290    84.5%    290.3     0.2%    13.5%     0.0%     0.0%     2.0%     0.0%
Jun 27 01:41:10     11.2    33800172      290    84.5%    290.3     0.2%    13.5%     0.0%     0.0%     2.0%     0.0%
Jun 27 01:42:15     11.2    34013013      290    84.5%    290.3     0.2%    13.5%     0.0%     0.0%     2.0%     0.0%
Jun 27 01:43:37     11.2    34101223      290    84.5%    290.3     0.2%    13.5%     0.0%     0.0%     2.0%     0.0%
Jun 27 01:44:49     11.2    34356760      290    84.5%    290.3     0.2%    13.5%     0.0%     0.0%     2.0%     0.0%
Jun 27 01:45:48	Finished 1st pass mapping
Jun 27 01:51:15      0.7       43058      289    83.8%    289.3     0.2%    14.2%     0.0%     0.0%     2.0%     0.1%
Jun 27 01:52:28      2.5      215085      289    83.6%    289.3     0.2%    14.3%     0.0%     0.0%     2.0%     0.1%
Jun 27 01:53:55      3.6      387422      289    83.7%    289.3     0.2%    14.2%     0.0%     0.0%     2.0%     0.1%
Jun 27 01:55:10      3.7      473674      289    83.7%    289.2     0.2%    14.2%     0.0%     0.0%     2.0%     0.1%
Jun 27 01:56:25      3.7      559584      289    83.7%    289.2     0.2%    14.2%     0.0%     0.0%     2.0%     0.1%
Jun 27 01:57:26      3.9      645596      289    83.7%    289.3     0.2%    14.2%     0.0%     0.0%     2.0%     0.1%
Jun 27 01:58:41      3.9      731469      289    83.7%    289.3     0.2%    14.2%     0.0%     0.0%     2.0%     0.1%
Jun 27 01:59:47      4.2      860346      289    83.7%    289.4     0.2%    14.2%     0.0%     0.0%     2.0%     0.1%
Jun 27 02:01:09      4.3      989227      289    83.7%    289.4     0.2%    14.2%     0.0%     0.0%     2.0%     0.1%
Jun 27 02:03:07      3.9     1032014      289    83.7%    289.4     0.2%    14.2%     0.0%     0.0%     2.0%     0.1%
Jun 27 02:04:21      4.0     1117650      289    83.7%    289.4     0.2%    14.2%     0.0%     0.0%     2.0%     0.1%
Jun 27 02:05:47      4.3     1331724      290    83.7%    289.5     0.2%    14.2%     0.0%     0.0%     2.0%     0.1%
Jun 27 02:06:53      4.2     1374484      290    83.7%    289.5     0.2%    14.2%     0.0%     0.0%     2.0%     0.1%
Jun 27 02:08:03      4.6     1588568      290    83.7%    289.6     0.2%    14.2%     0.0%     0.0%     2.0%     0.1%
Jun 27 02:09:50      4.5     1674232      290    83.7%    289.6     0.2%    14.2%     0.0%     0.0%     2.0%     0.1%
Jun 27 02:11:38      4.2     1716958      290    83.7%    289.6     0.2%    14.2%     0.0%     0.0%     2.0%     0.1%
Jun 27 02:13:00      4.7     2016378      290    83.7%    289.7     0.2%    14.2%     0.0%     0.0%     2.0%     0.1%
Jun 27 02:14:12      4.7     2101931      290    83.7%    289.7     0.2%    14.2%     0.0%     0.0%     2.0%     0.1%
Jun 27 02:15:46      4.6     2187490      290    83.7%    289.7     0.2%    14.2%     0.0%     0.0%     2.0%     0.1%
Jun 27 02:17:04      4.6     2273015      290    83.7%    289.7     0.2%    14.2%     0.0%     0.0%     2.0%     0.1%
Jun 27 02:18:40      4.6     2401395      290    83.7%    289.7     0.2%    14.2%     0.0%     0.0%     2.0%     0.1%
Jun 27 02:20:20      4.5     2487008      290    83.7%    289.8     0.2%    14.2%     0.0%     0.0%     2.0%     0.1%
Jun 27 02:21:49      4.6     2658106      290    83.7%    289.8     0.2%    14.2%     0.0%     0.0%     2.0%     0.1%
Jun 27 02:22:55      4.7     2786315      290    83.8%    289.8     0.2%    14.2%     0.0%     0.0%     2.0%     0.1%
Jun 27 02:24:30      4.6     2829053      290    83.8%    289.8     0.2%    14.2%     0.0%     0.0%     2.0%     0.1%
Jun 27 02:25:33      4.6     2957282      290    83.8%    289.8     0.2%    14.2%     0.0%     0.0%     2.0%     0.1%
Jun 27 02:26:37      4.7     3042850      290    83.8%    289.8     0.2%    14.2%     0.0%     0.0%     2.0%     0.1%
Jun 27 02:27:54      4.7     3171157      290    83.8%    289.8     0.2%    14.2%     0.0%     0.0%     2.0%     0.1%
Jun 27 02:29:09      4.7     3256675      290    83.8%    289.9     0.2%    14.2%     0.0%     0.0%     2.0%     0.1%
Jun 27 02:30:18      4.6     3299517      290    83.8%    289.9     0.2%    14.2%     0.0%     0.0%     2.0%     0.1%
Jun 27 02:31:28      4.5     3342259      290    83.8%    289.9     0.2%    14.2%     0.0%     0.0%     2.0%     0.1%
Jun 27 02:32:36      4.7     3513276      290    83.8%    289.9     0.2%    14.2%     0.0%     0.0%     2.0%     0.1%
Jun 27 02:34:19      4.7     3641567      290    83.8%    289.9     0.2%    14.2%     0.0%     0.0%     2.0%     0.1%
Jun 27 02:35:27      4.6     3684394      290    83.8%    289.9     0.2%    14.2%     0.0%     0.0%     2.0%     0.1%
Jun 27 02:37:14      4.6     3812731      290    83.8%    289.9     0.2%    14.2%     0.0%     0.0%     2.0%     0.1%
Jun 27 02:38:15      4.6     3941119      290    83.8%    289.9     0.2%    14.2%     0.0%     0.0%     2.0%     0.1%
Jun 27 02:39:51      4.6     4026716      290    83.8%    289.9     0.2%    14.2%     0.0%     0.0%     2.0%     0.1%
Jun 27 02:41:06      4.7     4240457      290    83.8%    289.9     0.2%    14.2%     0.0%     0.0%     2.0%     0.1%
Jun 27 02:43:09      4.7     4368854      290    83.8%    289.9     0.2%    14.2%     0.0%     0.0%     2.0%     0.1%
Jun 27 02:44:15      4.7     4497041      290    83.8%    289.9     0.2%    14.2%     0.0%     0.0%     2.0%     0.1%
Jun 27 02:45:42      4.8     4625278      290    83.8%    289.9     0.2%    14.2%     0.0%     0.0%     2.0%     0.1%
Jun 27 02:47:14      4.8     4796282      290    83.8%    290.0     0.2%    14.2%     0.0%     0.0%     2.0%     0.1%
Jun 27 02:48:22      4.8     4881819      290    83.8%    290.0     0.2%    14.2%     0.0%     0.0%     2.0%     0.1%
Jun 27 02:49:28      4.8     5010169      290    83.8%    290.0     0.2%    14.2%     0.0%     0.0%     2.0%     0.1%
Jun 27 02:50:51      4.8     5095643      290    83.8%    290.0     0.2%    14.2%     0.0%     0.0%     2.0%     0.1%
Jun 27 02:52:01      4.8     5223865      290    83.8%    290.0     0.2%    14.2%     0.0%     0.0%     2.0%     0.1%
Jun 27 02:54:24      4.8     5352176      290    83.8%    290.0     0.2%    14.2%     0.0%     0.0%     2.0%     0.1%
Jun 27 02:55:41      4.8     5480316      290    83.8%    290.0     0.2%    14.2%     0.0%     0.0%     2.0%     0.1%
Jun 27 02:56:57      4.9     5651160      290    83.8%    290.0     0.2%    14.2%     0.0%     0.0%     2.0%     0.1%
Jun 27 02:58:35      4.9     5779262      290    83.8%    290.0     0.2%    14.2%     0.0%     0.0%     2.0%     0.1%
Jun 27 02:59:37      4.8     5821937      290    83.8%    290.0     0.2%    14.2%     0.0%     0.0%     2.0%     0.1%
Jun 27 03:01:36      4.8     5993020      290    83.8%    290.0     0.2%    14.1%     0.0%     0.0%     2.0%     0.1%
Jun 27 03:02:39      4.9     6121145      290    83.8%    290.0     0.2%    14.1%     0.0%     0.0%     2.0%     0.1%
Jun 27 03:04:15      4.9     6249321      290    83.8%    290.1     0.2%    14.1%     0.0%     0.0%     2.0%     0.1%
Jun 27 03:05:46      4.9     6377430      290    83.8%    290.1     0.2%    14.1%     0.0%     0.0%     2.0%     0.1%
Jun 27 03:06:50      4.9     6505617      290    83.8%    290.1     0.2%    14.1%     0.0%     0.0%     2.0%     0.1%
Jun 27 03:07:59      5.0     6676552      290    83.8%    290.1     0.2%    14.1%     0.0%     0.0%     2.0%     0.1%
Jun 27 03:11:13      4.9     6804809      290    83.8%    290.1     0.2%    14.1%     0.0%     0.0%     2.0%     0.1%
Jun 27 03:12:28      4.9     6933053      290    83.8%    290.1     0.2%    14.1%     0.0%     0.0%     2.0%     0.1%
Jun 27 03:13:33      4.9     7104089      290    83.8%    290.1     0.2%    14.1%     0.0%     0.0%     2.0%     0.1%
Jun 27 03:14:39      5.0     7317794      290    83.8%    290.1     0.2%    14.1%     0.0%     0.0%     2.0%     0.1%
Jun 27 03:17:16      5.0     7445977      290    83.8%    290.1     0.2%    14.1%     0.0%     0.0%     2.0%     0.1%
Jun 27 03:18:35      5.0     7531434      290    83.8%    290.1     0.2%    14.1%     0.0%     0.0%     2.0%     0.1%
Jun 27 03:19:39      5.0     7745155      290    83.8%    290.1     0.2%    14.1%     0.0%     0.0%     2.0%     0.1%
Jun 27 03:21:31      5.0     7787842      290    83.8%    290.1     0.2%    14.1%     0.0%     0.0%     2.0%     0.1%
Jun 27 03:22:43      5.0     7958881      290    83.8%    290.1     0.2%    14.1%     0.0%     0.0%     2.0%     0.1%
Jun 27 03:23:48      5.1     8129990      290    83.8%    290.1     0.2%    14.1%     0.0%     0.0%     2.0%     0.1%
Jun 27 03:25:38      5.0     8215502      290    83.8%    290.1     0.2%    14.1%     0.0%     0.0%     2.0%     0.1%
Jun 27 03:26:41      5.0     8343713      290    83.8%    290.1     0.2%    14.1%     0.0%     0.0%     2.0%     0.1%
Jun 27 03:28:00      5.1     8471980      290    83.8%    290.1     0.2%    14.1%     0.0%     0.0%     2.0%     0.1%
Jun 27 03:29:32      5.0     8514770      290    83.8%    290.1     0.2%    14.1%     0.0%     0.0%     2.0%     0.1%
Jun 27 03:30:32      5.0     8643260      290    83.8%    290.1     0.2%    14.1%     0.0%     0.0%     2.0%     0.1%
Jun 27 03:31:38      5.0     8685965      290    83.8%    290.1     0.2%    14.1%     0.0%     0.0%     2.0%     0.1%
Jun 27 03:32:40      5.0     8771777      290    83.8%    290.1     0.2%    14.1%     0.0%     0.0%     2.0%     0.1%
Jun 27 03:33:40      5.0     8900223      290    83.8%    290.1     0.2%    14.1%     0.0%     0.0%     2.0%     0.1%
Jun 27 03:34:56      5.0     8943091      290    83.8%    290.1     0.2%    14.1%     0.0%     0.0%     2.0%     0.1%
Jun 27 03:36:20      5.0     9028823      290    83.8%    290.1     0.2%    14.1%     0.0%     0.0%     2.0%     0.1%
Jun 27 03:37:32      5.0     9114560      290    83.8%    290.1     0.2%    14.1%     0.0%     0.0%     2.0%     0.1%
Jun 27 03:38:35      5.0     9200367      290    83.8%    290.1     0.2%    14.1%     0.0%     0.0%     2.0%     0.1%
Jun 27 03:39:35      5.0     9286186      290    83.8%    290.1     0.2%    14.1%     0.0%     0.0%     2.0%     0.1%
Jun 27 03:41:03      5.0     9500453      290    83.8%    290.1     0.2%    14.1%     0.0%     0.0%     2.0%     0.1%
Jun 27 03:42:47      5.0     9586062      290    83.8%    290.1     0.2%    14.1%     0.0%     0.0%     2.0%     0.1%
Jun 27 03:43:49      5.0     9628850      290    83.8%    290.1     0.2%    14.1%     0.0%     0.0%     2.0%     0.1%
Jun 27 03:45:19      5.0     9757330      290    83.8%    290.1     0.2%    14.1%     0.0%     0.0%     2.0%     0.1%
Jun 27 03:47:32      5.0     9971416      290    83.8%    290.1     0.2%    14.1%     0.0%     0.0%     2.0%     0.1%
Jun 27 03:48:59      4.9    10014077      290    83.8%    290.1     0.2%    14.1%     0.0%     0.0%     2.0%     0.1%
Jun 27 03:51:26      4.9    10099450      290    83.8%    290.0     0.2%    14.1%     0.0%     0.0%     2.0%     0.1%
Jun 27 03:52:26      5.0    10483586      290    83.8%    290.0     0.2%    14.1%     0.0%     0.0%     2.0%     0.1%
Jun 27 03:54:27      5.0    10568855      290    83.8%    290.0     0.2%    14.1%     0.0%     0.0%     2.0%     0.1%
Jun 27 03:55:45      5.0    10654131      290    83.8%    290.0     0.2%    14.1%     0.0%     0.0%     2.0%     0.1%
Jun 27 03:58:26      5.0    10910049      290    83.8%    290.0     0.2%    14.1%     0.0%     0.0%     2.0%     0.1%
Jun 27 03:59:30      5.0    10995300      290    83.8%    290.0     0.2%    14.1%     0.0%     0.0%     2.0%     0.1%
Jun 27 04:01:44      4.9    11080635      290    83.8%    290.0     0.2%    14.1%     0.0%     0.0%     2.0%     0.1%
Jun 27 04:03:40      5.0    11251291      290    83.8%    290.1     0.2%    14.1%     0.0%     0.0%     2.0%     0.1%
Jun 27 04:04:41      5.0    11464557      290    83.8%    290.1     0.2%    14.1%     0.0%     0.0%     2.0%     0.1%
Jun 27 04:06:09      5.0    11635096      290    83.8%    290.1     0.2%    14.1%     0.0%     0.0%     2.0%     0.1%
Jun 27 04:07:48      5.0    11720461      290    83.8%    290.1     0.2%    14.1%     0.0%     0.0%     2.0%     0.1%
Jun 27 04:09:38      5.0    11848380      290    83.8%    290.1     0.2%    14.1%     0.0%     0.0%     2.0%     0.1%
Jun 27 04:10:38      5.0    12018915      290    83.8%    290.1     0.2%    14.1%     0.0%     0.0%     2.0%     0.1%
Jun 27 04:12:23      5.0    12146921      290    83.8%    290.1     0.2%    14.1%     0.0%     0.0%     2.0%     0.1%
Jun 27 04:13:28      5.1    12317460      290    83.8%    290.1     0.2%    14.1%     0.0%     0.0%     2.0%     0.1%
Jun 27 04:14:47      5.1    12487961      290    83.8%    290.1     0.2%    14.1%     0.0%     0.0%     2.0%     0.1%
Jun 27 04:16:40      5.1    12615852      290    83.8%    290.1     0.2%    14.1%     0.0%     0.0%     2.0%     0.1%
Jun 27 04:18:24      5.0    12658523      290    83.8%    290.1     0.2%    14.1%     0.0%     0.0%     2.0%     0.1%
Jun 27 04:20:11      5.0    12786552      290    83.8%    290.1     0.2%    14.1%     0.0%     0.0%     2.0%     0.1%
Jun 27 04:21:20      5.0    12957148      290    83.8%    290.1     0.2%    14.1%     0.0%     0.0%     2.0%     0.1%
Jun 27 04:22:28      5.1    13127671      290    83.8%    290.1     0.2%    14.1%     0.0%     0.0%     2.0%     0.1%
Jun 27 04:23:52      5.0    13170324      290    83.8%    290.1     0.2%    14.1%     0.0%     0.0%     2.0%     0.1%
Jun 27 04:24:52      5.1    13298333      290    83.8%    290.1     0.2%    14.1%     0.0%     0.0%     2.0%     0.1%
Jun 27 04:26:11      5.1    13383575      290    83.8%    290.1     0.2%    14.1%     0.0%     0.0%     2.0%     0.1%
Jun 27 04:28:30      5.0    13553948      290    83.8%    290.1     0.2%    14.1%     0.0%     0.0%     2.0%     0.1%
Jun 27 04:30:02      5.1    13724518      290    83.8%    290.1     0.2%    14.1%     0.0%     0.0%     2.0%     0.1%
Jun 27 04:31:03      5.1    13809780      290    83.8%    290.1     0.2%    14.1%     0.0%     0.0%     2.0%     0.1%
Jun 27 04:32:25      5.1    13980445      290    83.8%    290.1     0.2%    14.1%     0.0%     0.0%     2.0%     0.1%
Jun 27 04:34:01      5.1    14065696      290    83.8%    290.1     0.2%    14.1%     0.0%     0.0%     2.0%     0.1%
Jun 27 04:35:42      5.0    14150905      290    83.8%    290.1     0.2%    14.1%     0.0%     0.0%     2.0%     0.1%
Jun 27 04:36:44      5.0    14193586      290    83.8%    290.1     0.2%    14.1%     0.0%     0.0%     2.0%     0.1%
Jun 27 04:38:24      5.0    14321445      290    83.8%    290.1     0.2%    14.1%     0.0%     0.0%     2.0%     0.1%
Jun 27 04:39:26      5.0    14449274      290    83.8%    290.1     0.2%    14.1%     0.0%     0.0%     2.0%     0.1%
Jun 27 04:40:33      5.1    14577058      290    83.8%    290.1     0.2%    14.1%     0.0%     0.0%     2.0%     0.1%
Jun 27 04:42:41      5.0    14747429      290    83.8%    290.1     0.2%    14.1%     0.0%     0.0%     2.0%     0.1%
Jun 27 04:44:41      5.0    14875253      290    83.8%    290.1     0.2%    14.1%     0.0%     0.0%     2.0%     0.1%
Jun 27 04:45:55      5.1    15045677      290    83.8%    290.1     0.2%    14.1%     0.0%     0.0%     2.0%     0.1%
Jun 27 04:47:05      5.1    15173407      290    83.8%    290.1     0.2%    14.1%     0.0%     0.0%     2.0%     0.1%
Jun 27 04:48:51      5.0    15258617      290    83.8%    290.1     0.2%    14.1%     0.0%     0.0%     2.0%     0.1%
Jun 27 04:50:12      5.1    15471550      290    83.8%    290.1     0.2%    14.1%     0.0%     0.0%     2.0%     0.1%
Jun 27 04:51:48      5.1    15556848      290    83.8%    290.1     0.2%    14.1%     0.0%     0.0%     2.0%     0.1%
Jun 27 04:53:04      5.1    15812486      290    83.8%    290.1     0.2%    14.1%     0.0%     0.0%     2.0%     0.1%
Jun 27 04:54:34      5.1    15940393      290    83.8%    290.1     0.2%    14.1%     0.0%     0.0%     2.0%     0.1%
Jun 27 04:55:47      5.1    16025604      290    83.8%    290.1     0.2%    14.1%     0.0%     0.0%     2.0%     0.1%
Jun 27 04:57:15      5.1    16195985      290    83.8%    290.1     0.2%    14.1%     0.0%     0.0%     2.0%     0.1%
Jun 27 04:58:56      5.1    16281227      290    83.8%    290.1     0.2%    14.1%     0.0%     0.0%     2.0%     0.1%
Jun 27 04:59:59      5.1    16409162      290    83.8%    290.1     0.2%    14.1%     0.0%     0.0%     2.0%     0.1%
Jun 27 05:01:23      5.1    16537063      290    83.8%    290.1     0.2%    14.1%     0.0%     0.0%     2.0%     0.1%
Jun 27 05:02:26      5.1    16664964      290    83.8%    290.1     0.2%    14.1%     0.0%     0.0%     2.0%     0.1%
Jun 27 05:04:03      5.1    16792795      290    83.8%    290.1     0.2%    14.1%     0.0%     0.0%     2.0%     0.1%
Jun 27 05:05:42      5.2    17091195      290    83.8%    290.1     0.2%    14.1%     0.0%     0.0%     2.0%     0.1%
Jun 27 05:08:33      5.1    17176444      290    83.8%    290.1     0.2%    14.1%     0.0%     0.0%     2.0%     0.1%
Jun 27 05:10:28      5.1    17261649      290    83.8%    290.1     0.2%    14.1%     0.0%     0.0%     2.0%     0.1%
Jun 27 05:12:08      5.1    17389659      290    83.8%    290.1     0.2%    14.1%     0.0%     0.0%     2.0%     0.1%
Jun 27 05:13:59      5.1    17517626      290    83.8%    290.1     0.2%    14.1%     0.0%     0.0%     2.0%     0.1%
Jun 27 05:15:32      5.1    17560356      290    83.8%    290.1     0.2%    14.1%     0.0%     0.0%     2.0%     0.1%
Jun 27 05:16:36      5.1    17731105      290    83.8%    290.1     0.2%    14.1%     0.0%     0.0%     2.0%     0.1%
Jun 27 05:17:46      5.1    17816635      290    83.8%    290.1     0.2%    14.1%     0.0%     0.0%     2.0%     0.1%
Jun 27 05:18:56      5.1    17902106      290    83.8%    290.1     0.2%    14.1%     0.0%     0.0%     2.0%     0.1%
Jun 27 05:20:29      5.1    18030405      290    83.8%    290.1     0.2%    14.1%     0.0%     0.0%     2.0%     0.1%
Jun 27 05:21:56      5.1    18244040      290    83.8%    290.1     0.2%    14.1%     0.0%     0.0%     2.0%     0.1%
Jun 27 05:23:13      5.1    18329414      290    83.8%    290.1     0.2%    14.1%     0.0%     0.0%     2.0%     0.1%
Jun 27 05:24:51      5.1    18457566      290    83.8%    290.1     0.2%    14.1%     0.0%     0.0%     2.0%     0.1%
Jun 27 05:26:44      5.1    18542897      290    83.8%    290.1     0.2%    14.1%     0.0%     0.0%     2.0%     0.1%
Jun 27 05:28:23      5.1    18756416      290    83.8%    290.1     0.2%    14.1%     0.0%     0.0%     2.0%     0.1%
Jun 27 05:29:52      5.1    18841667      290    83.8%    290.1     0.2%    14.1%     0.0%     0.0%     2.0%     0.1%
Jun 27 05:31:35      5.1    18969723      290    83.8%    290.1     0.2%    14.1%     0.0%     0.0%     2.0%     0.1%
Jun 27 05:33:04      5.1    19055093      290    83.8%    290.1     0.2%    14.1%     0.0%     0.0%     2.0%     0.1%
Jun 27 05:34:06      5.1    19140389      290    83.8%    290.1     0.2%    14.1%     0.0%     0.0%     2.0%     0.1%
Jun 27 05:35:28      5.1    19310936      290    83.8%    290.1     0.2%    14.1%     0.0%     0.0%     2.0%     0.1%
Jun 27 05:37:17      5.1    19396325      290    83.8%    290.1     0.2%    14.1%     0.0%     0.0%     2.0%     0.1%
Jun 27 05:38:28      5.1    19524350      290    83.8%    290.1     0.2%    14.1%     0.0%     0.0%     2.0%     0.1%
Jun 27 05:39:30      5.1    19652235      290    83.8%    290.1     0.2%    14.1%     0.0%     0.0%     2.0%     0.1%
Jun 27 05:40:53      5.1    19737562      290    83.8%    290.1     0.2%    14.1%     0.0%     0.0%     2.0%     0.1%
Jun 27 05:41:58      5.1    19822949      290    83.8%    290.1     0.2%    14.1%     0.0%     0.0%     2.0%     0.1%
Jun 27 05:43:06      5.1    19993529      290    83.8%    290.1     0.2%    14.1%     0.0%     0.0%     2.0%     0.1%
Jun 27 05:45:02      5.1    20078859      290    83.8%    290.1     0.2%    14.1%     0.0%     0.0%     2.0%     0.1%
Jun 27 05:46:03      5.1    20164153      290    83.8%    290.1     0.2%    14.1%     0.0%     0.0%     2.0%     0.1%
Jun 27 05:47:22      5.1    20291998      290    83.8%    290.1     0.2%    14.1%     0.0%     0.0%     2.0%     0.1%
Jun 27 05:49:17      5.1    20377311      290    83.8%    290.1     0.2%    14.1%     0.0%     0.0%     2.0%     0.1%
Jun 27 05:51:40      5.1    20590419      290    83.8%    290.1     0.2%    14.1%     0.0%     0.0%     2.0%     0.1%
Jun 27 05:53:16      5.1    20718353      290    83.8%    290.1     0.2%    14.1%     0.0%     0.0%     2.0%     0.1%
Jun 27 05:54:20      5.1    20888858      290    83.8%    290.1     0.2%    14.1%     0.0%     0.0%     2.0%     0.1%
Jun 27 05:55:29      5.1    20974147      290    83.8%    290.1     0.2%    14.1%     0.0%     0.0%     2.0%     0.1%
Jun 27 05:56:44      5.1    21102079      290    83.8%    290.1     0.2%    14.1%     0.0%     0.0%     2.0%     0.1%
Jun 27 05:58:01      5.1    21187336      290    83.8%    290.1     0.2%    14.1%     0.0%     0.0%     2.0%     0.1%
Jun 27 05:59:03      5.1    21357773      290    83.8%    290.1     0.2%    14.1%     0.0%     0.0%     2.0%     0.1%
Jun 27 06:00:03      5.1    21528157      290    83.8%    290.1     0.2%    14.1%     0.0%     0.0%     2.0%     0.1%
Jun 27 06:01:22      5.1    21613427      290    83.8%    290.1     0.2%    14.1%     0.0%     0.0%     2.0%     0.1%
Jun 27 06:02:58      5.1    21698644      290    83.8%    290.1     0.2%    14.1%     0.0%     0.0%     2.0%     0.1%
Jun 27 06:05:10      5.1    21826420      290    83.8%    290.1     0.2%    14.1%     0.0%     0.0%     2.0%     0.1%
Jun 27 06:06:13      5.1    21954294      290    83.8%    290.1     0.2%    14.1%     0.0%     0.0%     2.0%     0.1%
Jun 27 06:08:03      5.1    22124684      290    83.8%    290.1     0.2%    14.1%     0.0%     0.0%     2.0%     0.1%
Jun 27 06:11:23      5.1    22252554      290    83.8%    290.1     0.2%    14.1%     0.0%     0.0%     2.0%     0.1%
Jun 27 06:12:26      5.1    22380309      290    83.8%    290.1     0.2%    14.1%     0.0%     0.0%     2.0%     0.1%
Jun 27 06:13:34      5.1    22550841      290    83.8%    290.1     0.2%    14.1%     0.0%     0.0%     2.0%     0.1%
Jun 27 06:14:58      5.1    22593475      290    83.8%    290.1     0.2%    14.1%     0.0%     0.0%     2.0%     0.1%
Jun 27 06:16:04      5.1    22636081      290    83.8%    290.1     0.2%    14.1%     0.0%     0.0%     2.0%     0.1%
Jun 27 06:17:09      5.1    22763932      290    83.8%    290.1     0.2%    14.1%     0.0%     0.0%     2.0%     0.1%
Jun 27 06:18:31      5.1    22934315      290    83.8%    290.1     0.2%    14.1%     0.0%     0.0%     2.0%     0.1%
Jun 27 06:20:03      5.1    22976859      290    83.8%    290.1     0.2%    14.1%     0.0%     0.0%     2.0%     0.1%
Jun 27 06:21:19      5.1    23062106      290    83.8%    290.1     0.2%    14.1%     0.0%     0.0%     2.0%     0.1%
Jun 27 06:23:01      5.0    23147294      290    83.8%    290.1     0.2%    14.1%     0.0%     0.0%     2.0%     0.1%
Jun 27 06:24:06      5.1    23445405      290    83.8%    290.1     0.2%    14.1%     0.0%     0.0%     2.0%     0.1%
Jun 27 06:25:09      5.1    23487981      290    83.8%    290.1     0.2%    14.1%     0.0%     0.0%     2.0%     0.1%
Jun 27 06:26:51      5.1    23530565      290    83.8%    290.1     0.2%    14.1%     0.0%     0.0%     2.0%     0.1%
Jun 27 06:28:02      5.1    23658283      290    83.8%    290.1     0.2%    14.1%     0.0%     0.0%     2.0%     0.1%
Jun 27 06:30:41      5.0    23828720      290    83.8%    290.1     0.2%    14.1%     0.0%     0.0%     2.0%     0.1%
Jun 27 06:32:11      5.0    23956513      290    83.8%    290.1     0.2%    14.1%     0.0%     0.0%     2.0%     0.1%
Jun 27 06:33:15      5.1    24084266      290    83.8%    290.2     0.2%    14.1%     0.0%     0.0%     2.0%     0.1%
Jun 27 06:35:01      5.1    24212069      290    83.8%    290.2     0.2%    14.1%     0.0%     0.0%     2.0%     0.1%
Jun 27 06:36:03      5.1    24339823      290    83.8%    290.2     0.2%    14.1%     0.0%     0.0%     2.0%     0.1%
Jun 27 06:37:27      5.1    24467543      290    83.8%    290.2     0.2%    14.1%     0.0%     0.0%     2.0%     0.1%
Jun 27 06:39:23      5.1    24680510      290    83.8%    290.2     0.2%    14.1%     0.0%     0.0%     2.0%     0.1%
Jun 27 06:41:34      5.1    24850906      290    83.8%    290.2     0.2%    14.1%     0.0%     0.0%     2.0%     0.1%
Jun 27 06:43:10      5.1    24978704      290    83.8%    290.2     0.2%    14.1%     0.0%     0.0%     2.0%     0.1%
Jun 27 06:44:31      5.1    25276920      290    83.8%    290.2     0.2%    14.1%     0.0%     0.0%     2.0%     0.1%
Jun 27 06:45:43      5.1    25319541      290    83.8%    290.2     0.2%    14.1%     0.0%     0.0%     2.0%     0.1%
Jun 27 06:46:47      5.1    25532393      290    83.8%    290.2     0.2%    14.1%     0.0%     0.0%     2.0%     0.1%
Jun 27 06:48:12      5.1    25617539      290    83.8%    290.2     0.2%    14.1%     0.0%     0.0%     2.0%     0.1%
Jun 27 06:49:39      5.1    25660099      290    83.8%    290.2     0.2%    14.1%     0.0%     0.0%     2.0%     0.1%
Jun 27 06:51:05      5.1    25745433      290    83.8%    290.2     0.2%    14.1%     0.0%     0.0%     2.0%     0.1%
Jun 27 06:52:54      5.1    25830804      290    83.8%    290.2     0.2%    14.1%     0.0%     0.0%     2.0%     0.1%
Jun 27 06:54:13      5.1    26001489      290    83.8%    290.2     0.2%    14.1%     0.0%     0.0%     2.0%     0.1%
Jun 27 06:55:23      5.1    26129581      290    83.8%    290.2     0.2%    14.1%     0.0%     0.0%     2.0%     0.1%
Jun 27 06:56:28      5.1    26214913      290    83.8%    290.2     0.2%    14.1%     0.0%     0.0%     2.0%     0.1%
Jun 27 06:57:44      5.1    26257602      290    83.8%    290.2     0.2%    14.1%     0.0%     0.0%     2.0%     0.1%
Jun 27 06:58:49      5.1    26343011      290    83.8%    290.2     0.2%    14.1%     0.0%     0.0%     2.0%     0.1%
Jun 27 06:59:49      5.1    26471160      290    83.8%    290.2     0.2%    14.1%     0.0%     0.0%     2.0%     0.1%
Jun 27 07:01:43      5.1    26641976      290    83.8%    290.2     0.2%    14.1%     0.0%     0.0%     2.0%     0.1%
Jun 27 07:04:51      5.1    26770037      290    83.8%    290.2     0.2%    14.1%     0.0%     0.0%     2.0%     0.1%
Jun 27 07:06:02      5.1    26983338      290    83.8%    290.2     0.2%    14.1%     0.0%     0.0%     2.0%     0.1%
Jun 27 07:07:06      5.1    27154043      290    83.8%    290.2     0.2%    14.1%     0.0%     0.0%     2.0%     0.1%
Jun 27 07:09:13      5.1    27239283      290    83.8%    290.2     0.2%    14.1%     0.0%     0.0%     2.0%     0.1%
Jun 27 07:10:48      5.1    27367230      290    83.8%    290.2     0.2%    14.1%     0.0%     0.0%     2.0%     0.1%
Jun 27 07:11:54      5.1    27580483      290    83.8%    290.2     0.2%    14.1%     0.0%     0.0%     2.0%     0.1%
Jun 27 07:12:56      5.1    27708381      290    83.8%    290.2     0.2%    14.1%     0.0%     0.0%     2.0%     0.1%
Jun 27 07:15:04      5.1    27793630      290    83.8%    290.2     0.2%    14.1%     0.0%     0.0%     2.0%     0.1%
Jun 27 07:16:32      5.1    27964173      290    83.8%    290.2     0.2%    14.1%     0.0%     0.0%     2.0%     0.1%
Jun 27 07:17:45      5.1    28092138      290    83.8%    290.2     0.2%    14.1%     0.0%     0.0%     2.0%     0.1%
Jun 27 07:19:10      5.1    28262648      290    83.8%    290.2     0.2%    14.1%     0.0%     0.0%     2.0%     0.1%
Jun 27 07:21:14      5.1    28433174      290    83.8%    290.2     0.2%    14.1%     0.0%     0.0%     2.0%     0.1%
Jun 27 07:22:42      5.1    28603557      290    83.8%    290.2     0.2%    14.1%     0.0%     0.0%     2.0%     0.1%
Jun 27 07:23:42      5.1    28688789      290    83.8%    290.2     0.2%    14.1%     0.0%     0.0%     2.0%     0.1%
Jun 27 07:24:53      5.1    28859265      290    83.8%    290.2     0.2%    14.1%     0.0%     0.0%     2.0%     0.1%
Jun 27 07:26:49      5.1    29072276      290    83.8%    290.2     0.2%    14.1%     0.0%     0.0%     2.0%     0.1%
Jun 27 07:28:22      5.1    29200107      290    83.8%    290.2     0.2%    14.1%     0.0%     0.0%     2.0%     0.1%
Jun 27 07:29:44      5.1    29285400      290    83.8%    290.2     0.2%    14.1%     0.0%     0.0%     2.0%     0.1%
Jun 27 07:30:44      5.2    29498257      290    83.8%    290.2     0.2%    14.1%     0.0%     0.0%     2.0%     0.1%
Jun 27 07:32:51      5.1    29583438      290    83.8%    290.2     0.2%    14.1%     0.0%     0.0%     2.0%     0.1%
Jun 27 07:35:27      5.1    29796351      290    83.8%    290.2     0.2%    14.1%     0.0%     0.0%     2.0%     0.1%
Jun 27 07:36:33      5.1    29966832      290    83.8%    290.2     0.2%    14.1%     0.0%     0.0%     2.0%     0.1%
Jun 27 07:37:36      5.1    30052032      290    83.8%    290.2     0.2%    14.1%     0.0%     0.0%     2.0%     0.1%
Jun 27 07:38:51      5.1    30137219      290    83.8%    290.2     0.2%    14.1%     0.0%     0.0%     2.0%     0.1%
Jun 27 07:40:09      5.1    30179785      290    83.8%    290.2     0.2%    14.1%     0.0%     0.0%     2.0%     0.1%
Jun 27 07:41:15      5.1    30264952      290    83.8%    290.2     0.2%    14.1%     0.0%     0.0%     2.0%     0.1%
Jun 27 07:42:51      5.1    30435322      290    83.8%    290.2     0.2%    14.1%     0.0%     0.0%     2.0%     0.1%
Jun 27 07:43:54      5.1    30520545      290    83.8%    290.2     0.2%    14.1%     0.0%     0.0%     2.0%     0.1%
Jun 27 07:45:13      5.1    30691046      290    83.8%    290.2     0.2%    14.1%     0.0%     0.0%     2.0%     0.1%
Jun 27 07:46:36      5.1    30776267      290    83.8%    290.2     0.2%    14.1%     0.0%     0.0%     2.0%     0.1%
Jun 27 07:47:47      5.1    30861493      290    83.8%    290.2     0.2%    14.1%     0.0%     0.0%     2.0%     0.1%
Jun 27 07:49:08      5.1    30904114      290    83.8%    290.2     0.2%    14.1%     0.0%     0.0%     2.0%     0.1%
Jun 27 07:50:18      5.1    31074552      290    83.8%    290.2     0.2%    14.1%     0.0%     0.0%     2.0%     0.1%
Jun 27 07:51:26      5.1    31245004      290    83.8%    290.2     0.2%    14.1%     0.0%     0.0%     2.0%     0.1%
Jun 27 07:52:53      5.1    31330199      290    83.8%    290.2     0.2%    14.1%     0.0%     0.0%     2.0%     0.1%
Jun 27 07:55:10      5.1    31415361      290    83.8%    290.2     0.2%    14.1%     0.0%     0.0%     2.0%     0.1%
Jun 27 07:56:13      5.1    31628284      290    83.8%    290.2     0.2%    14.1%     0.0%     0.0%     2.0%     0.1%
Jun 27 07:57:52      5.1    31755965      290    83.8%    290.2     0.2%    14.1%     0.0%     0.0%     2.0%     0.1%
Jun 27 07:59:04      5.1    31841072      290    83.8%    290.2     0.2%    14.1%     0.0%     0.0%     2.0%     0.1%
Jun 27 08:00:10      5.1    31968885      290    83.8%    290.2     0.2%    14.1%     0.0%     0.0%     2.0%     0.1%
Jun 27 08:01:27      5.1    32096530      290    83.8%    290.2     0.2%    14.1%     0.0%     0.0%     2.0%     0.1%
Jun 27 08:02:50      5.2    32266909      290    83.8%    290.2     0.2%    14.1%     0.0%     0.0%     2.0%     0.1%
Jun 27 08:05:12      5.1    32352032      290    83.8%    290.2     0.2%    14.1%     0.0%     0.0%     2.0%     0.1%
Jun 27 08:06:59      5.1    32522519      290    83.8%    290.2     0.2%    14.1%     0.0%     0.0%     2.0%     0.1%
Jun 27 08:08:23      5.1    32692830      290    83.8%    290.2     0.2%    14.1%     0.0%     0.0%     2.0%     0.1%
Jun 27 08:09:29      5.1    32778023      290    83.8%    290.2     0.2%    14.1%     0.0%     0.0%     2.0%     0.1%
Jun 27 08:10:53      5.2    32990931      290    83.8%    290.2     0.2%    14.1%     0.0%     0.0%     2.0%     0.1%
Jun 27 08:12:08      5.2    33118664      290    83.8%    290.2     0.2%    14.1%     0.0%     0.0%     2.0%     0.1%
Jun 27 08:13:58      5.2    33246441      290    83.8%    290.2     0.2%    14.1%     0.0%     0.0%     2.0%     0.1%
Jun 27 08:15:23      5.2    33374195      290    83.8%    290.2     0.2%    14.1%     0.0%     0.0%     2.0%     0.1%
Jun 27 08:18:05      5.1    33416760      290    83.8%    290.2     0.2%    14.1%     0.0%     0.0%     2.0%     0.1%
Jun 27 08:19:37      5.2    33885290      290    83.8%    290.2     0.2%    14.1%     0.0%     0.0%     2.0%     0.1%
Jun 27 08:20:56      5.2    33927837      290    83.8%    290.2     0.2%    14.1%     0.0%     0.0%     2.0%     0.1%
Jun 27 08:23:00      5.2    34013069      290    83.8%    290.2     0.2%    14.1%     0.0%     0.0%     2.0%     0.1%
Jun 27 08:24:01      5.2    34143817      290    83.8%    290.2     0.2%    14.1%     0.0%     0.0%     2.0%     0.1%
Jun 27 08:25:19      5.2    34271576      290    83.8%    290.2     0.2%    14.1%     0.0%     0.0%     2.0%     0.1%
Jun 27 08:26:31      5.2    34356740      290    83.8%    290.2     0.2%    14.1%     0.0%     0.0%     2.0%     0.1%
Jun 27 08:27:51      5.2    34484443      290    83.8%    290.2     0.2%    14.1%     0.0%     0.0%     2.0%     0.1%
Jun 27 08:28:55      5.2    34527073      290    83.8%    290.2     0.2%    14.1%     0.0%     0.0%     2.0%     0.1%
ALL DONE!
