                                 Started job on |	Jun 26 22:38:35
                             Started mapping on |	Jun 27 01:47:23
                                    Finished on |	Jun 27 08:29:47
       Mapping speed, Million of reads per hour |	5.15

                          Number of input reads |	34569620
                      Average input read length |	290
                                    UNIQUE READS:
                   Uniquely mapped reads number |	28982810
                        Uniquely mapped reads % |	83.84%
                          Average mapped length |	290.23
                       Number of splices: Total |	26788103
            Number of splices: Annotated (sjdb) |	26762881
                       Number of splices: GT/AG |	26522149
                       Number of splices: GC/AG |	223452
                       Number of splices: AT/AC |	16628
               Number of splices: Non-canonical |	25874
                      Mismatch rate per base, % |	0.24%
                         Deletion rate per base |	0.02%
                        Deletion average length |	2.27
                        Insertion rate per base |	0.02%
                       Insertion average length |	2.02
                             MULTI-MAPPING READS:
        Number of reads mapped to multiple loci |	4879110
             % of reads mapped to multiple loci |	14.11%
        Number of reads mapped to too many loci |	9551
             % of reads mapped to too many loci |	0.03%
                                  UNMAPPED READS:
  Number of reads unmapped: too many mismatches |	0
       % of reads unmapped: too many mismatches |	0.00%
            Number of reads unmapped: too short |	674500
                 % of reads unmapped: too short |	1.95%
                Number of reads unmapped: other |	23649
                     % of reads unmapped: other |	0.07%
                                  CHIMERIC READS:
                       Number of chimeric reads |	0
                            % of chimeric reads |	0.00%
