                                 Started job on |	Jun 27 08:29:49
                             Started mapping on |	Jun 27 09:50:00
                                    Finished on |	Jun 27 12:37:45
       Mapping speed, Million of reads per hour |	13.70

                          Number of input reads |	38308199
                      Average input read length |	296
                                    UNIQUE READS:
                   Uniquely mapped reads number |	33534477
                        Uniquely mapped reads % |	87.54%
                          Average mapped length |	295.44
                       Number of splices: Total |	35868024
            Number of splices: Annotated (sjdb) |	35836039
                       Number of splices: GT/AG |	35511836
                       Number of splices: GC/AG |	289150
                       Number of splices: AT/AC |	33644
               Number of splices: Non-canonical |	33394
                      Mismatch rate per base, % |	0.23%
                         Deletion rate per base |	0.02%
                        Deletion average length |	2.28
                        Insertion rate per base |	0.02%
                       Insertion average length |	2.02
                             MULTI-MAPPING READS:
        Number of reads mapped to multiple loci |	3910839
             % of reads mapped to multiple loci |	10.21%
        Number of reads mapped to too many loci |	6895
             % of reads mapped to too many loci |	0.02%
                                  UNMAPPED READS:
  Number of reads unmapped: too many mismatches |	0
       % of reads unmapped: too many mismatches |	0.00%
            Number of reads unmapped: too short |	823621
                 % of reads unmapped: too short |	2.15%
                Number of reads unmapped: other |	32367
                     % of reads unmapped: other |	0.08%
                                  CHIMERIC READS:
                       Number of chimeric reads |	0
                            % of chimeric reads |	0.00%
