           Time    Speed        Read     Read   Mapped   Mapped   Mapped   Mapped Unmapped Unmapped Unmapped Unmapped
                    M/hr      number   length   unique   length   MMrate    multi   multi+       MM    short    other
Jun 27 08:31:39	Started 1st pass mapping
Jun 27 08:32:29      3.0       42336      295    88.1%    294.9     0.2%     9.7%     0.0%     0.0%     2.2%     0.0%
Jun 27 08:33:33     16.0      507981      295    88.1%    294.9     0.2%     9.7%     0.0%     0.0%     2.2%     0.0%
Jun 27 08:34:33     24.5     1183808      295    88.1%    295.0     0.2%     9.7%     0.0%     0.0%     2.2%     0.0%
Jun 27 08:35:36     26.3     1731525      295    88.1%    295.1     0.2%     9.6%     0.0%     0.0%     2.2%     0.0%
Jun 27 08:36:40     26.3     2194941      295    88.1%    295.1     0.2%     9.6%     0.0%     0.0%     2.2%     0.0%
Jun 27 08:37:42     28.5     2868935      295    88.1%    295.2     0.2%     9.6%     0.0%     0.0%     2.2%     0.0%
Jun 27 08:38:50     27.1     3248074      295    88.1%    295.2     0.2%     9.6%     0.0%     0.0%     2.2%     0.0%
Jun 27 08:39:52     28.0     3837899      295    88.1%    295.2     0.2%     9.6%     0.0%     0.0%     2.2%     0.0%
Jun 27 08:40:56     28.3     4385281      295    88.1%    295.3     0.2%     9.6%     0.0%     0.0%     2.2%     0.0%
Jun 27 08:42:05     27.6     4806556      295    88.2%    295.3     0.2%     9.6%     0.0%     0.0%     2.2%     0.0%
Jun 27 08:43:09     29.0     5564465      295    88.2%    295.3     0.2%     9.6%     0.0%     0.0%     2.2%     0.0%
Jun 27 08:44:16     28.9     6069639      296    88.2%    295.3     0.2%     9.5%     0.0%     0.0%     2.2%     0.0%
Jun 27 08:45:21     29.3     6701170      296    88.2%    295.3     0.2%     9.5%     0.0%     0.0%     2.2%     0.0%
Jun 27 08:46:26     29.4     7248377      296    88.2%    295.4     0.2%     9.5%     0.0%     0.0%     2.2%     0.0%
Jun 27 08:47:29     29.7     7837806      296    88.2%    295.4     0.2%     9.5%     0.0%     0.0%     2.2%     0.0%
Jun 27 08:48:31     30.0     8427263      296    88.2%    295.4     0.2%     9.5%     0.0%     0.0%     2.2%     0.0%
Jun 27 08:49:31     30.6     9101054      296    88.2%    295.4     0.2%     9.5%     0.0%     0.0%     2.2%     0.0%
Jun 27 08:50:33     30.5     9606647      296    88.3%    295.4     0.2%     9.5%     0.0%     0.0%     2.2%     0.0%
Jun 27 08:51:35     30.2    10028107      296    88.3%    295.4     0.2%     9.5%     0.0%     0.0%     2.2%     0.0%
Jun 27 08:52:36     30.3    10574804      296    88.2%    295.3     0.2%     9.5%     0.0%     0.0%     2.2%     0.0%
Jun 27 08:53:50     29.7    10995337      296    88.2%    295.3     0.2%     9.5%     0.0%     0.0%     2.2%     0.0%
Jun 27 08:54:55     29.8    11541174      296    88.2%    295.3     0.2%     9.5%     0.0%     0.0%     2.2%     0.0%
Jun 27 08:55:58     29.6    12003269      296    88.2%    295.3     0.2%     9.5%     0.0%     0.0%     2.2%     0.0%
Jun 27 08:57:13     29.7    12675420      296    88.2%    295.3     0.2%     9.5%     0.0%     0.0%     2.2%     0.0%
Jun 27 08:58:16     29.8    13221397      296    88.2%    295.3     0.2%     9.5%     0.0%     0.0%     2.2%     0.0%
Jun 27 08:59:35     29.4    13683337      296    88.2%    295.3     0.2%     9.5%     0.0%     0.0%     2.2%     0.0%
Jun 27 09:00:36     29.4    14187332      296    88.2%    295.3     0.2%     9.5%     0.0%     0.0%     2.2%     0.0%
Jun 27 09:01:37     29.3    14649271      296    88.2%    295.4     0.2%     9.5%     0.0%     0.0%     2.2%     0.0%
Jun 27 09:02:37     29.1    15027051      296    88.2%    295.4     0.2%     9.5%     0.0%     0.0%     2.2%     0.0%
Jun 27 09:03:41     29.1    15531056      296    88.3%    295.4     0.2%     9.5%     0.0%     0.0%     2.2%     0.0%
Jun 27 09:04:42     29.1    16034560      296    88.3%    295.4     0.2%     9.5%     0.0%     0.0%     2.2%     0.0%
Jun 27 09:05:48     29.3    16664209      296    88.3%    295.4     0.2%     9.5%     0.0%     0.0%     2.2%     0.0%
Jun 27 09:06:50     29.5    17294014      296    88.3%    295.4     0.2%     9.5%     0.0%     0.0%     2.2%     0.0%
Jun 27 09:08:00     29.4    17839878      296    88.3%    295.4     0.2%     9.5%     0.0%     0.0%     2.2%     0.0%
Jun 27 09:09:13     29.5    18469690      296    88.3%    295.4     0.2%     9.5%     0.0%     0.0%     2.2%     0.0%
Jun 27 09:10:16     29.7    19141826      296    88.3%    295.4     0.2%     9.5%     0.0%     0.0%     2.2%     0.0%
Jun 27 09:11:18     29.7    19604306      296    88.3%    295.4     0.2%     9.5%     0.0%     0.0%     2.2%     0.0%
Jun 27 09:12:26     29.6    20150758      296    88.3%    295.4     0.2%     9.5%     0.0%     0.0%     2.2%     0.0%
Jun 27 09:13:30     29.5    20570976      296    88.3%    295.4     0.2%     9.5%     0.0%     0.0%     2.2%     0.0%
Jun 27 09:14:37     29.5    21117072      296    88.3%    295.4     0.2%     9.5%     0.0%     0.0%     2.2%     0.0%
Jun 27 09:15:37     29.4    21536947      296    88.3%    295.4     0.2%     9.5%     0.0%     0.0%     2.2%     0.0%
Jun 27 09:16:38     29.5    22082902      296    88.3%    295.4     0.2%     9.5%     0.0%     0.0%     2.2%     0.0%
Jun 27 09:17:39     29.1    22334834      296    88.3%    295.4     0.2%     9.5%     0.0%     0.0%     2.2%     0.0%
Jun 27 09:18:41     29.1    22796696      296    88.3%    295.4     0.2%     9.5%     0.0%     0.0%     2.2%     0.0%
Jun 27 09:19:46     29.1    23342362      296    88.3%    295.4     0.2%     9.5%     0.0%     0.0%     2.2%     0.0%
Jun 27 09:20:48     29.4    24097961      296    88.3%    295.4     0.2%     9.5%     0.0%     0.0%     2.2%     0.0%
Jun 27 09:21:48     29.4    24559754      296    88.3%    295.4     0.2%     9.5%     0.0%     0.0%     2.2%     0.0%
Jun 27 09:22:48     29.5    25189110      296    88.3%    295.4     0.2%     9.5%     0.0%     0.0%     2.2%     0.0%
Jun 27 09:23:54     29.5    25650811      296    88.3%    295.4     0.2%     9.5%     0.0%     0.0%     2.2%     0.0%
Jun 27 09:24:55     29.6    26238375      296    88.3%    295.4     0.2%     9.5%     0.0%     0.0%     2.2%     0.0%
Jun 27 09:26:05     29.7    26951808      296    88.3%    295.4     0.2%     9.5%     0.0%     0.0%     2.2%     0.0%
Jun 27 09:27:10     30.1    27833296      296    88.3%    295.4     0.2%     9.5%     0.0%     0.0%     2.2%     0.0%
Jun 27 09:28:10     30.2    28420891      296    88.3%    295.4     0.2%     9.5%     0.0%     0.0%     2.2%     0.0%
Jun 27 09:29:13     30.1    28925050      296    88.3%    295.4     0.2%     9.5%     0.0%     0.0%     2.2%     0.0%
Jun 27 09:30:16     30.3    29555428      296    88.3%    295.4     0.2%     9.5%     0.0%     0.0%     2.2%     0.0%
Jun 27 09:31:18     30.3    30101328      296    88.3%    295.4     0.2%     9.5%     0.0%     0.0%     2.2%     0.0%
Jun 27 09:32:19     30.3    30605206      296    88.3%    295.4     0.2%     9.5%     0.0%     0.0%     2.2%     0.0%
Jun 27 09:33:19     30.4    31234886      296    88.3%    295.4     0.2%     9.5%     0.0%     0.0%     2.2%     0.0%
Jun 27 09:34:19     30.4    31780718      296    88.3%    295.4     0.2%     9.5%     0.0%     0.0%     2.2%     0.0%
Jun 27 09:35:22     30.5    32368289      296    88.3%    295.4     0.2%     9.5%     0.0%     0.0%     2.2%     0.0%
Jun 27 09:36:25     30.6    32997737      296    88.3%    295.4     0.2%     9.5%     0.0%     0.0%     2.2%     0.0%
Jun 27 09:37:25     30.5    33459297      296    88.3%    295.4     0.2%     9.5%     0.0%     0.0%     2.2%     0.0%
Jun 27 09:38:26     30.6    34088615      296    88.3%    295.4     0.2%     9.5%     0.0%     0.0%     2.2%     0.0%
Jun 27 09:39:39     30.6    34634231      296    88.3%    295.4     0.2%     9.5%     0.0%     0.0%     2.2%     0.0%
Jun 27 09:40:43     30.8    35431659      296    88.3%    295.4     0.2%     9.5%     0.0%     0.0%     2.2%     0.0%
Jun 27 09:41:53     30.7    35977126      296    88.3%    295.4     0.2%     9.5%     0.0%     0.0%     2.2%     0.0%
Jun 27 09:42:58     30.6    36396878      296    88.3%    295.4     0.2%     9.5%     0.0%     0.0%     2.2%     0.0%
Jun 27 09:44:07     30.9    37278066      296    88.3%    295.5     0.2%     9.5%     0.0%     0.0%     2.2%     0.0%
Jun 27 09:45:13     31.0    37972406      296    88.3%    295.5     0.2%     9.5%     0.0%     0.0%     2.2%     0.0%
Jun 27 09:46:26     30.6    38182293      296    88.3%    295.5     0.2%     9.5%     0.0%     0.0%     2.2%     0.0%
Jun 27 09:47:28     30.3    38266281      296    88.3%    295.5     0.2%     9.5%     0.0%     0.0%     2.2%     0.0%
Jun 27 09:48:19	Finished 1st pass mapping
Jun 27 09:51:49      1.4       42297      295    87.5%    294.7     0.2%    10.2%     0.0%     0.0%     2.3%     0.1%
Jun 27 09:53:11      7.2      381161      295    87.3%    294.8     0.2%    10.4%     0.0%     0.0%     2.2%     0.1%
Jun 27 09:54:19      7.1      508018      295    87.3%    294.8     0.2%    10.4%     0.0%     0.0%     2.2%     0.1%
Jun 27 09:55:24      9.9      888580      295    87.3%    294.9     0.2%    10.4%     0.0%     0.0%     2.2%     0.1%
Jun 27 09:56:33     11.2     1225847      295    87.3%    295.0     0.2%    10.4%     0.0%     0.0%     2.2%     0.1%
Jun 27 09:57:39     10.6     1352263      295    87.3%    295.0     0.2%    10.4%     0.0%     0.0%     2.2%     0.1%
Jun 27 09:58:40     11.1     1605010      295    87.3%    295.1     0.2%    10.4%     0.0%     0.0%     2.2%     0.1%
Jun 27 09:59:54     12.3     2026379      295    87.4%    295.1     0.2%    10.3%     0.0%     0.0%     2.2%     0.1%
Jun 27 10:00:56     12.5     2279182      295    87.4%    295.1     0.2%    10.3%     0.0%     0.0%     2.2%     0.1%
Jun 27 10:02:07     12.3     2489879      295    87.4%    295.2     0.2%    10.3%     0.0%     0.0%     2.2%     0.1%
Jun 27 10:04:47     11.5     2826829      295    87.3%    295.2     0.2%    10.3%     0.0%     0.0%     2.2%     0.1%
Jun 27 10:06:19     11.8     3205950      295    87.4%    295.2     0.2%    10.3%     0.0%     0.0%     2.2%     0.1%
Jun 27 10:07:45     12.3     3627128      295    87.4%    295.2     0.2%    10.3%     0.0%     0.0%     2.2%     0.1%
Jun 27 10:09:00     12.4     3922005      295    87.4%    295.2     0.2%    10.3%     0.0%     0.0%     2.2%     0.1%
Jun 27 10:10:03     12.4     4132619      295    87.4%    295.2     0.2%    10.3%     0.0%     0.0%     2.2%     0.1%
Jun 27 10:11:06     12.7     4469568      295    87.4%    295.2     0.2%    10.3%     0.0%     0.0%     2.2%     0.1%
Jun 27 10:12:18     12.7     4722234      295    87.4%    295.3     0.2%    10.3%     0.0%     0.0%     2.2%     0.1%
Jun 27 10:13:26     12.6     4932720      295    87.4%    295.3     0.2%    10.3%     0.0%     0.0%     2.2%     0.1%
Jun 27 10:14:28     12.8     5227545      295    87.4%    295.3     0.2%    10.3%     0.0%     0.0%     2.2%     0.1%
Jun 27 10:15:43     12.9     5522333      295    87.4%    295.3     0.2%    10.3%     0.0%     0.0%     2.2%     0.1%
Jun 27 10:16:44     13.1     5817108      295    87.4%    295.3     0.2%    10.3%     0.0%     0.0%     2.2%     0.1%
Jun 27 10:17:53     12.8     5943408      296    87.4%    295.3     0.2%    10.3%     0.0%     0.0%     2.2%     0.1%
Jun 27 10:19:04     12.7     6153996      296    87.4%    295.3     0.2%    10.3%     0.0%     0.0%     2.2%     0.1%
Jun 27 10:20:07     12.8     6406495      296    87.4%    295.3     0.2%    10.3%     0.0%     0.0%     2.2%     0.1%
Jun 27 10:21:14     12.9     6701150      296    87.4%    295.3     0.2%    10.3%     0.0%     0.0%     2.2%     0.1%
Jun 27 10:22:27     13.0     7037891      296    87.4%    295.3     0.2%    10.2%     0.0%     0.0%     2.2%     0.1%
Jun 27 10:23:29     12.9     7206225      296    87.4%    295.3     0.2%    10.2%     0.0%     0.0%     2.2%     0.1%
Jun 27 10:24:35     13.1     7543056      296    87.4%    295.3     0.2%    10.2%     0.0%     0.0%     2.2%     0.1%
Jun 27 10:25:40     13.0     7711379      296    87.4%    295.4     0.2%    10.2%     0.0%     0.0%     2.2%     0.1%
Jun 27 10:26:40     13.1     8006243      296    87.5%    295.4     0.2%    10.2%     0.0%     0.0%     2.2%     0.1%
Jun 27 10:27:42     13.1     8258732      296    87.5%    295.4     0.2%    10.2%     0.0%     0.0%     2.2%     0.1%
Jun 27 10:28:43     13.2     8511551      296    87.5%    295.4     0.2%    10.2%     0.0%     0.0%     2.2%     0.1%
Jun 27 10:29:49     13.3     8848329      296    87.5%    295.4     0.2%    10.2%     0.0%     0.0%     2.2%     0.1%
Jun 27 10:30:49     13.4     9143170      296    87.5%    295.4     0.2%    10.2%     0.0%     0.0%     2.2%     0.1%
Jun 27 10:31:52     13.4     9353666      296    87.5%    295.4     0.2%    10.2%     0.0%     0.0%     2.2%     0.1%
Jun 27 10:32:59     13.4     9606585      296    87.5%    295.4     0.2%    10.2%     0.0%     0.0%     2.2%     0.1%
Jun 27 10:34:05     13.2     9733005      296    87.5%    295.4     0.2%    10.2%     0.0%     0.0%     2.2%     0.1%
Jun 27 10:35:06     13.3    10027965      296    87.5%    295.3     0.2%    10.2%     0.0%     0.0%     2.2%     0.1%
Jun 27 10:36:23     13.3    10280595      296    87.5%    295.3     0.2%    10.2%     0.0%     0.0%     2.2%     0.1%
Jun 27 10:37:29     13.1    10406712      296    87.5%    295.3     0.2%    10.2%     0.0%     0.0%     2.2%     0.1%
Jun 27 10:38:49     13.3    10785102      296    87.5%    295.3     0.2%    10.2%     0.0%     0.0%     2.2%     0.1%
Jun 27 10:40:29     13.1    10995288      296    87.5%    295.3     0.2%    10.2%     0.0%     0.0%     2.2%     0.1%
Jun 27 10:41:34     13.0    11205230      296    87.5%    295.3     0.2%    10.2%     0.0%     0.0%     2.2%     0.1%
Jun 27 10:42:35     13.2    11541210      296    87.5%    295.3     0.2%    10.2%     0.0%     0.0%     2.2%     0.1%
Jun 27 10:43:52     13.1    11793355      296    87.5%    295.3     0.2%    10.2%     0.0%     0.0%     2.2%     0.1%
Jun 27 10:45:16     13.0    12003268      296    87.5%    295.3     0.2%    10.2%     0.0%     0.0%     2.2%     0.1%
Jun 27 10:46:26     13.1    12339248      296    87.5%    295.3     0.2%    10.2%     0.0%     0.0%     2.2%     0.1%
Jun 27 10:47:40     13.2    12717387      296    87.5%    295.3     0.2%    10.2%     0.0%     0.0%     2.2%     0.1%
Jun 27 10:49:10     13.1    12927349      296    87.5%    295.3     0.2%    10.2%     0.0%     0.0%     2.2%     0.1%
Jun 27 10:50:28     13.1    13221438      296    87.5%    295.3     0.2%    10.2%     0.0%     0.0%     2.2%     0.1%
Jun 27 10:51:34     13.1    13431448      296    87.5%    295.3     0.2%    10.2%     0.0%     0.0%     2.2%     0.1%
Jun 27 10:53:08     13.0    13641402      296    87.5%    295.3     0.2%    10.2%     0.0%     0.0%     2.2%     0.1%
Jun 27 10:54:20     13.0    13935327      296    87.5%    295.3     0.2%    10.2%     0.0%     0.0%     2.2%     0.1%
Jun 27 10:55:27     13.0    14229340      296    87.5%    295.3     0.2%    10.2%     0.0%     0.0%     2.2%     0.1%
Jun 27 10:56:29     13.0    14355393      296    87.5%    295.3     0.2%    10.2%     0.0%     0.0%     2.2%     0.1%
Jun 27 10:58:08     13.0    14775247      296    87.5%    295.3     0.2%    10.2%     0.0%     0.0%     2.2%     0.1%
Jun 27 10:59:21     13.1    15153157      296    87.5%    295.3     0.2%    10.2%     0.0%     0.0%     2.2%     0.1%
Jun 27 11:00:39     13.1    15405021      296    87.5%    295.3     0.2%    10.2%     0.0%     0.0%     2.2%     0.1%
Jun 27 11:01:45     13.2    15740975      296    87.5%    295.3     0.2%    10.2%     0.0%     0.0%     2.2%     0.1%
Jun 27 11:02:50     13.1    15950765      296    87.5%    295.3     0.2%    10.2%     0.0%     0.0%     2.2%     0.1%
Jun 27 11:04:04     13.1    16118621      296    87.5%    295.4     0.2%    10.2%     0.0%     0.0%     2.2%     0.1%
Jun 27 11:05:06     13.1    16454403      296    87.5%    295.4     0.2%    10.2%     0.0%     0.0%     2.2%     0.1%
Jun 27 11:06:15     13.2    16748206      296    87.5%    295.4     0.2%    10.2%     0.0%     0.0%     2.2%     0.1%
Jun 27 11:07:16     13.3    17084041      296    87.5%    295.4     0.2%    10.2%     0.0%     0.0%     2.2%     0.1%
Jun 27 11:08:34     13.3    17419977      296    87.5%    295.4     0.2%    10.2%     0.0%     0.0%     2.2%     0.1%
Jun 27 11:09:48     13.4    17797703      296    87.5%    295.4     0.2%    10.2%     0.0%     0.0%     2.2%     0.1%
Jun 27 11:11:13     13.3    18007740      296    87.5%    295.4     0.2%    10.2%     0.0%     0.0%     2.2%     0.1%
Jun 27 11:12:23     13.3    18301717      296    87.5%    295.4     0.2%    10.2%     0.0%     0.0%     2.2%     0.1%
Jun 27 11:13:41     13.4    18721743      296    87.5%    295.4     0.2%    10.2%     0.0%     0.0%     2.2%     0.1%
Jun 27 11:14:47     13.4    18931683      296    87.5%    295.4     0.2%    10.2%     0.0%     0.0%     2.2%     0.1%
Jun 27 11:15:51     13.5    19267919      296    87.5%    295.4     0.2%    10.2%     0.0%     0.0%     2.2%     0.1%
Jun 27 11:16:56     13.5    19562350      296    87.5%    295.4     0.2%    10.2%     0.0%     0.0%     2.2%     0.1%
Jun 27 11:17:57     13.5    19730512      296    87.5%    295.4     0.2%    10.2%     0.0%     0.0%     2.2%     0.1%
Jun 27 11:19:14     13.4    19940740      296    87.5%    295.4     0.2%    10.2%     0.0%     0.0%     2.2%     0.1%
Jun 27 11:20:47     13.3    20192722      296    87.5%    295.4     0.2%    10.2%     0.0%     0.0%     2.2%     0.1%
Jun 27 11:22:00     13.3    20360813      296    87.5%    295.4     0.2%    10.2%     0.0%     0.0%     2.2%     0.1%
Jun 27 11:23:00     13.3    20654906      296    87.5%    295.3     0.2%    10.2%     0.0%     0.0%     2.2%     0.1%
Jun 27 11:24:12     13.3    20948908      296    87.5%    295.3     0.2%    10.2%     0.0%     0.0%     2.2%     0.1%
Jun 27 11:25:44     13.3    21158928      296    87.5%    295.3     0.2%    10.2%     0.0%     0.0%     2.2%     0.1%
Jun 27 11:26:53     13.3    21536935      296    87.5%    295.3     0.2%    10.2%     0.0%     0.0%     2.2%     0.1%
Jun 27 11:28:48     13.2    21746969      296    87.5%    295.4     0.2%    10.2%     0.0%     0.0%     2.2%     0.1%
Jun 27 11:29:50     13.3    22166815      296    87.5%    295.4     0.2%    10.2%     0.0%     0.0%     2.2%     0.1%
Jun 27 11:30:56     13.3    22292768      296    87.5%    295.4     0.2%    10.2%     0.0%     0.0%     2.2%     0.1%
Jun 27 11:32:04     13.3    22544625      296    87.5%    295.4     0.2%    10.2%     0.0%     0.0%     2.2%     0.1%
Jun 27 11:33:08     13.3    22838628      296    87.5%    295.4     0.2%    10.2%     0.0%     0.0%     2.2%     0.1%
Jun 27 11:34:23     13.3    23132571      296    87.5%    295.4     0.2%    10.2%     0.0%     0.0%     2.2%     0.1%
Jun 27 11:35:30     13.3    23384385      296    87.5%    295.4     0.2%    10.2%     0.0%     0.0%     2.2%     0.1%
Jun 27 11:36:33     13.3    23678191      296    87.5%    295.4     0.2%    10.2%     0.0%     0.0%     2.2%     0.1%
Jun 27 11:37:35     13.4    24014040      296    87.5%    295.4     0.2%    10.2%     0.0%     0.0%     2.2%     0.1%
Jun 27 11:38:52     13.3    24181965      296    87.5%    295.4     0.2%    10.2%     0.0%     0.0%     2.2%     0.1%
Jun 27 11:39:56     13.4    24559758      296    87.5%    295.4     0.2%    10.2%     0.0%     0.0%     2.2%     0.1%
Jun 27 11:41:07     13.4    24853469      296    87.5%    295.4     0.2%    10.2%     0.0%     0.0%     2.2%     0.1%
Jun 27 11:42:18     13.4    25147218      296    87.5%    295.4     0.2%    10.2%     0.0%     0.0%     2.2%     0.1%
Jun 27 11:43:53     13.4    25440933      296    87.5%    295.4     0.2%    10.2%     0.0%     0.0%     2.2%     0.1%
Jun 27 11:45:25     13.5    25902697      296    87.5%    295.4     0.2%    10.2%     0.0%     0.0%     2.2%     0.1%
Jun 27 11:46:29     13.5    26238444      296    87.5%    295.4     0.2%    10.2%     0.0%     0.0%     2.2%     0.1%
Jun 27 11:47:31     13.5    26490181      296    87.5%    295.4     0.2%    10.2%     0.0%     0.0%     2.2%     0.1%
Jun 27 11:48:37     13.5    26783930      296    87.5%    295.4     0.2%    10.2%     0.0%     0.0%     2.2%     0.1%
Jun 27 11:49:38     13.6    27035719      296    87.5%    295.4     0.2%    10.2%     0.0%     0.0%     2.2%     0.1%
Jun 27 11:50:57     13.6    27413429      296    87.5%    295.4     0.2%    10.2%     0.0%     0.0%     2.2%     0.1%
Jun 27 11:52:22     13.6    27791362      296    87.5%    295.4     0.2%    10.2%     0.0%     0.0%     2.2%     0.1%
Jun 27 11:53:40     13.6    28001226      296    87.5%    295.4     0.2%    10.2%     0.0%     0.0%     2.2%     0.1%
Jun 27 11:54:41     13.6    28252938      296    87.5%    295.4     0.2%    10.2%     0.0%     0.0%     2.2%     0.1%
Jun 27 11:56:06     13.6    28588960      296    87.5%    295.4     0.2%    10.2%     0.0%     0.0%     2.2%     0.1%
Jun 27 11:57:31     13.6    28925047      296    87.5%    295.4     0.2%    10.2%     0.0%     0.0%     2.2%     0.1%
Jun 27 11:58:37     13.6    29219257      296    87.5%    295.4     0.2%    10.2%     0.0%     0.0%     2.2%     0.1%
Jun 27 12:00:06     13.6    29513383      296    87.5%    295.4     0.2%    10.2%     0.0%     0.0%     2.2%     0.1%
Jun 27 12:01:12     13.6    29807358      296    87.5%    295.4     0.2%    10.2%     0.0%     0.0%     2.2%     0.1%
Jun 27 12:02:12     13.6    29891350      296    87.5%    295.4     0.2%    10.2%     0.0%     0.0%     2.2%     0.1%
Jun 27 12:03:29     13.6    30227363      296    87.5%    295.4     0.2%    10.2%     0.0%     0.0%     2.2%     0.1%
Jun 27 12:05:01     13.6    30563221      296    87.5%    295.4     0.2%    10.2%     0.0%     0.0%     2.2%     0.1%
Jun 27 12:06:02     13.6    30815220      296    87.5%    295.4     0.2%    10.2%     0.0%     0.0%     2.2%     0.1%
Jun 27 12:07:02     13.6    31025110      296    87.5%    295.4     0.2%    10.2%     0.0%     0.0%     2.2%     0.1%
Jun 27 12:08:08     13.6    31276929      296    87.5%    295.4     0.2%    10.2%     0.0%     0.0%     2.2%     0.1%
Jun 27 12:09:23     13.6    31528825      296    87.5%    295.4     0.2%    10.2%     0.0%     0.0%     2.2%     0.1%
Jun 27 12:10:30     13.6    31864538      296    87.5%    295.4     0.2%    10.2%     0.0%     0.0%     2.2%     0.1%
Jun 27 12:11:37     13.6    32158342      296    87.5%    295.4     0.2%    10.2%     0.0%     0.0%     2.2%     0.1%
Jun 27 12:12:56     13.6    32410244      296    87.5%    295.4     0.2%    10.2%     0.0%     0.0%     2.2%     0.1%
Jun 27 12:14:19     13.6    32745909      296    87.5%    295.4     0.2%    10.2%     0.0%     0.0%     2.2%     0.1%
Jun 27 12:15:27     13.6    33039761      296    87.5%    295.4     0.2%    10.2%     0.0%     0.0%     2.2%     0.1%
Jun 27 12:16:36     13.6    33333421      296    87.5%    295.4     0.2%    10.2%     0.0%     0.0%     2.2%     0.1%
Jun 27 12:17:51     13.6    33627124      296    87.5%    295.4     0.2%    10.2%     0.0%     0.0%     2.2%     0.1%
Jun 27 12:19:04     13.7    33920809      296    87.5%    295.4     0.2%    10.2%     0.0%     0.0%     2.2%     0.1%
Jun 27 12:20:09     13.7    34214663      296    87.5%    295.4     0.2%    10.2%     0.0%     0.0%     2.2%     0.1%
Jun 27 12:21:17     13.7    34466399      296    87.5%    295.4     0.2%    10.2%     0.0%     0.0%     2.2%     0.1%
Jun 27 12:22:22     13.7    34760196      296    87.5%    295.4     0.2%    10.2%     0.0%     0.0%     2.2%     0.1%
Jun 27 12:23:41     13.7    35053837      296    87.5%    295.4     0.2%    10.2%     0.0%     0.0%     2.2%     0.1%
Jun 27 12:25:18     13.7    35473658      296    87.5%    295.4     0.2%    10.2%     0.0%     0.0%     2.2%     0.1%
Jun 27 12:26:27     13.7    35809222      296    87.5%    295.4     0.2%    10.2%     0.0%     0.0%     2.2%     0.1%
Jun 27 12:27:41     13.7    35977188      296    87.5%    295.4     0.2%    10.2%     0.0%     0.0%     2.2%     0.1%
Jun 27 12:29:17     13.6    36229001      296    87.5%    295.4     0.2%    10.2%     0.0%     0.0%     2.2%     0.1%
Jun 27 12:30:22     13.7    36564497      296    87.5%    295.4     0.2%    10.2%     0.0%     0.0%     2.2%     0.1%
Jun 27 12:31:45     13.7    36858429      296    87.5%    295.4     0.2%    10.2%     0.0%     0.0%     2.2%     0.1%
Jun 27 12:33:09     13.7    37319929      296    87.5%    295.4     0.2%    10.2%     0.0%     0.0%     2.2%     0.1%
Jun 27 12:34:13     13.8    37655671      296    87.5%    295.4     0.2%    10.2%     0.0%     0.0%     2.2%     0.1%
Jun 27 12:35:14     13.8    38014326      296    87.5%    295.4     0.2%    10.2%     0.0%     0.0%     2.2%     0.1%
Jun 27 12:36:20     13.8    38224286      296    87.5%    295.4     0.2%    10.2%     0.0%     0.0%     2.2%     0.1%
Jun 27 12:37:39     13.7    38308199      296    87.5%    295.4     0.2%    10.2%     0.0%     0.0%     2.1%     0.1%
ALL DONE!
